  ▲ Next.js 14.2.28
  - Local:        http://localhost:3000
  - Environments: .env
  - Experiments (use with caution):
    · outputFileTracingRoot

 ✓ Starting...
 ✓ Ready in 1915ms
 ○ Compiling / ...
 ✓ Compiled / in 2.4s (1266 modules)
 ✓ Compiled in 597ms (633 modules)
 GET / 200 in 3081ms
 ✓ Compiled /api/articles in 351ms (664 modules)
 ✓ Compiled (666 modules)
 GET /api/articles?limit=6 200 in 808ms
 GET /api/lawyers?limit=6&premium=true 200 in 813ms
 GET /api/lawyers?limit=6&premium=true 200 in 181ms
 GET /api/articles?limit=6 200 in 184ms
 GET / 200 in 309ms
 ○ Compiling /politique-confidentialite ...
 ✓ Compiled /politique-confidentialite in 4s (3173 modules)
 GET /api/articles?limit=6 200 in 4091ms
 GET /api/lawyers?limit=6&premium=true 200 in 4928ms
 GET /trouver-un-avocat-fiscaliste 200 in 6072ms
 GET /a-propos 200 in 5836ms
 GET /contact 200 in 5836ms
 GET /prise-rendez-vous 200 in 5836ms
 GET /simulateurs 200 in 6036ms
 GET /cgu 200 in 5822ms
 GET /espace-avocat/rendez-vous 200 in 5852ms
 GET /espace-avocat/connexion 200 in 5860ms
 GET /espace-avocat/profil 200 in 5855ms
 GET /mentions-legales 200 in 5848ms
 GET /politique-confidentialite 200 in 5862ms
 GET /ressources-utiles/guides 200 in 6202ms
 GET /ressources-utiles/modeles 200 in 6225ms
 ○ Compiling /api/resources ...
 GET /ressources-utiles/documents 200 in 6273ms
 GET /espace-avocat 200 in 6334ms
 GET /cvu-avocats 200 in 6510ms
 GET /guides-fiscaux/calcul-des-revenus-fonciers-methodes-et-deductions 200 in 6524ms
 GET /guides-fiscaux/ifi-2025-nouveautes-et-strategies-doptimisation 200 in 6555ms
 GET /guides-fiscaux/is-et-plus-values-optimisation-fiscale-pour-les-entreprises 200 in 6558ms
 GET /guides-fiscaux/pacte-dutreil-optimiser-la-transmission-dentreprise 200 in 6563ms
 GET /guides-fiscaux/residence-fiscale-et-location-meublee-guide-pratique-2025 200 in 6576ms
 GET /guides-fiscaux/dividendes-de-source-etrangere-tout-savoir-sur-limposition-en-france 200 in 6577ms
 GET /espace-avocat/devenir-partenaire 200 in 6636ms
 GET /histoires-fiscales 200 in 6898ms
 ✓ Compiled /api/specializations in 3.4s (2418 modules)
 ✓ Compiled (2428 modules)
 GET /api/articles?limit=6 200 in 4892ms
 GET /api/articles?limit=6 200 in 4792ms
 GET /api/blog-tags 200 in 4381ms
 GET /api/fiscal-domains 200 in 4295ms
 GET /api/blog-posts?featured=true&limit=3 200 in 4445ms
 GET /api/resources?limit=20 200 in 4322ms
 GET /api/blog-posts?limit=12 200 in 4865ms
 GET /api/fiscal-domains 200 in 5072ms
 GET /api/lawyers?limit=6&premium=true 200 in 4406ms
 GET /ressources-utiles 200 in 10215ms
 GET /blog 200 in 10444ms
 GET /guides-fiscaux 200 in 10477ms
 ○ Compiling /api/resources/[slug]/download ...
 ✓ Compiled /api/resources/[slug]/download in 3s (3222 modules)
 GET /espace-avocat/messagerie 200 in 3231ms
 GET /espace-avocat/abonnement 200 in 3236ms
 GET /api/resources/checklist-residence-fiscale/download 200 in 3566ms
 GET /api/resources/modele-de-pacte-dutreil/download 200 in 3565ms
 GET /api/resources/guide-de-calcul-ifi-2025/download 200 in 3563ms
 GET /api/resources/formulaire-de-declaration-lmnp/download 200 in 3563ms
 GET /histoires-fiscales/categorie/r%C3%A9glementation 200 in 3959ms
 GET /histoires-fiscales/categorie/contr%C3%B4le 200 in 3964ms
 GET /histoires-fiscales/categorie/immobilier 200 in 3910ms
 GET /histoires-fiscales/categorie/optimisation 200 in 4047ms
 GET /histoires-fiscales/categorie/international 200 in 3979ms
 GET /histoires-fiscales/categorie/transmission 200 in 4055ms
 GET /histoires-fiscales/1 200 in 4094ms
 ○ Compiling /api/fiscal-domains/[slug] ...
 ✓ Compiled /api/fiscal-domains/[slug] in 898ms (2457 modules)
 ✓ Compiled (2459 modules)
 GET /api/blog-posts/investissement-locatif-2025-nouvelles-niches-fiscales 200 in 2060ms
 GET /api/blog-posts/loi-de-finances-2025-ce-qui-change-pour-les-entreprises 200 in 2067ms
 GET /api/blog-posts/jurisprudence-recente-impact-sur-la-fiscalite-des-holdings 200 in 2066ms
 GET /api/blog-posts/optimisation-fiscale-vs-evasion-fiscale-comprendre-la-difference 200 in 2061ms
 GET /api/fiscal-domains/fiscalite-des-entreprises 200 in 2111ms
 GET /api/fiscal-domains/fiscalite-immobiliere 200 in 2108ms
 GET /api/fiscal-domains/fiscalite-internationale 200 in 2097ms
 GET /api/fiscal-domains/fiscalite-patrimoniale 200 in 2095ms
 GET /api/fiscal-domains/fiscalite-des-dirigeants 200 in 2095ms
 GET /api/fiscal-domains/fiscalite-des-particuliers 200 in 2094ms
 GET /blog/investissement-locatif-2025-nouvelles-niches-fiscales 200 in 6240ms
 GET /blog/loi-de-finances-2025-ce-qui-change-pour-les-entreprises 200 in 6305ms
 GET /blog/jurisprudence-recente-impact-sur-la-fiscalite-des-holdings 200 in 6277ms
 GET /blog/optimisation-fiscale-vs-evasion-fiscale-comprendre-la-difference 200 in 6325ms
 GET /guides-fiscaux/domaines/fiscalite-des-entreprises 200 in 6440ms
 GET /guides-fiscaux/domaines/fiscalite-des-particuliers 200 in 6392ms
 GET /guides-fiscaux/domaines/fiscalite-des-dirigeants 200 in 6420ms
 GET /guides-fiscaux/domaines/fiscalite-internationale 200 in 6456ms
 GET /guides-fiscaux/domaines/fiscalite-patrimoniale 200 in 6426ms
 GET /guides-fiscaux/domaines/fiscalite-immobiliere 200 in 6460ms
 GET /simulateurs 200 in 333ms
 GET /histoires-fiscales/categorie/optimisation 200 in 420ms
 GET /histoires-fiscales/categorie/contr%C3%B4le 200 in 420ms
 GET /histoires-fiscales/1 200 in 423ms
 GET /espace-avocat/abonnement 200 in 427ms
 GET /ressources-utiles/modeles 200 in 429ms
 GET /histoires-fiscales/categorie/transmission 200 in 424ms
 GET /a-propos 200 in 434ms
 GET /api/fiscal-domains/fiscalite-patrimoniale 200 in 191ms
 GET /api/blog-posts/investissement-locatif-2025-nouvelles-niches-fiscales 200 in 258ms
 GET /guides-fiscaux/domaines/fiscalite-patrimoniale 200 in 836ms
 GET /blog/investissement-locatif-2025-nouvelles-niches-fiscales 200 in 881ms
 GET / 200 in 452ms
 GET /espace-avocat/connexion 200 in 468ms
 GET /guides-fiscaux/ifi-2025-nouveautes-et-strategies-doptimisation 200 in 521ms
 GET /histoires-fiscales/categorie/international 200 in 516ms
 GET /api/blog-posts?limit=12 200 in 223ms
 GET /api/blog-posts?featured=true&limit=3 200 in 224ms
 GET /api/blog-tags 200 in 250ms
 GET /espace-avocat/devenir-partenaire 200 in 202ms
 GET /blog 200 in 782ms
 GET /api/fiscal-domains/fiscalite-des-entreprises 200 in 271ms
 GET /api/resources/guide-de-calcul-ifi-2025/download 200 in 273ms
 GET /api/blog-posts/loi-de-finances-2025-ce-qui-change-pour-les-entreprises 200 in 325ms
 GET /api/blog-posts/optimisation-fiscale-vs-evasion-fiscale-comprendre-la-difference 200 in 326ms
 GET /espace-avocat/profil 200 in 389ms
 GET /espace-avocat/rendez-vous 200 in 377ms
 GET /blog/optimisation-fiscale-vs-evasion-fiscale-comprendre-la-difference 200 in 902ms
 GET /blog/loi-de-finances-2025-ce-qui-change-pour-les-entreprises 200 in 905ms
 GET /guides-fiscaux/domaines/fiscalite-des-entreprises 200 in 902ms
 GET /cvu-avocats 200 in 230ms
 GET /guides-fiscaux/residence-fiscale-et-location-meublee-guide-pratique-2025 200 in 512ms
 GET /guides-fiscaux/dividendes-de-source-etrangere-tout-savoir-sur-limposition-en-france 200 in 515ms
 GET /ressources-utiles/guides 200 in 329ms
 GET /api/resources/modele-de-pacte-dutreil/download 200 in 277ms
 GET /prise-rendez-vous 200 in 293ms
 GET /politique-confidentialite 200 in 295ms
 GET /cgu 200 in 299ms
 GET /api/resources/formulaire-de-declaration-lmnp/download 200 in 281ms
 GET /histoires-fiscales 200 in 309ms
 GET /guides-fiscaux/is-et-plus-values-optimisation-fiscale-pour-les-entreprises 200 in 438ms
 GET /histoires-fiscales/categorie/r%C3%A9glementation 200 in 318ms
 GET /api/fiscal-domains/fiscalite-internationale 200 in 251ms
 GET /ressources-utiles/documents 200 in 283ms
 GET /guides-fiscaux/domaines/fiscalite-internationale 200 in 638ms
 GET /mentions-legales 200 in 338ms
 GET /api/fiscal-domains 200 in 267ms
 GET /espace-avocat/messagerie 200 in 404ms
 GET /trouver-un-avocat-fiscaliste 200 in 416ms
 GET /api/resources?limit=20 200 in 299ms
 GET /ressources-utiles 200 in 591ms
 GET /espace-avocat 200 in 331ms
 GET /api/fiscal-domains/fiscalite-des-dirigeants 200 in 368ms
 GET /guides-fiscaux/pacte-dutreil-optimiser-la-transmission-dentreprise 200 in 561ms
 GET /guides-fiscaux/calcul-des-revenus-fonciers-methodes-et-deductions 200 in 570ms
 GET /api/blog-posts/jurisprudence-recente-impact-sur-la-fiscalite-des-holdings 200 in 389ms
 GET /guides-fiscaux/domaines/fiscalite-des-dirigeants 200 in 753ms
 GET /blog/jurisprudence-recente-impact-sur-la-fiscalite-des-holdings 200 in 756ms
 GET /api/resources/checklist-residence-fiscale/download 200 in 288ms
 GET /contact 200 in 346ms
 GET /api/fiscal-domains/fiscalite-immobiliere 200 in 265ms
 GET /histoires-fiscales/categorie/immobilier 200 in 339ms
 GET /api/fiscal-domains 200 in 261ms
 GET /guides-fiscaux/domaines/fiscalite-immobiliere 200 in 620ms
 GET /api/articles?limit=6 200 in 374ms
 GET /api/fiscal-domains/fiscalite-des-particuliers 200 in 88ms
 GET /guides-fiscaux 200 in 763ms
 GET /guides-fiscaux/domaines/fiscalite-des-particuliers 200 in 362ms
 GET / 200 in 54ms
 GET /histoires-fiscales 200 in 57ms
 GET /simulateurs 200 in 44ms
 GET / 200 in 60ms
 GET /api/lawyers?limit=6&premium=true 200 in 120ms
 GET /api/lawyers?limit=6&premium=true 200 in 94ms
 GET /api/articles?limit=6 200 in 92ms
 GET /api/articles?limit=6 200 in 91ms
 GET /api/blog-posts?featured=true&limit=3 200 in 70ms
 GET /api/blog-tags 200 in 72ms
 GET /api/blog-posts?limit=12 200 in 73ms
 GET /api/blog-posts/optimisation-fiscale-vs-evasion-fiscale-comprendre-la-difference 200 in 55ms
 GET /api/blog-posts/jurisprudence-recente-impact-sur-la-fiscalite-des-holdings 200 in 50ms
 GET /api/lawyers?limit=20 200 in 112ms
 GET /api/lawyers?limit=20 200 in 93ms
 ✓ Compiled /api/lawyers/[slug]/availability in 449ms (785 modules)
 GET /api/lawyers/marzo-puig/availability 200 in 815ms
 GET /api/lawyers?limit=20 200 in 120ms
 GET /api/lawyers?limit=20 200 in 109ms
 GET /api/lawyers/sarah-bensaid/availability 200 in 45ms
 ✓ Compiled /contact in 180ms (745 modules)
 ✓ Compiled /espace-avocat/connexion in 175ms (751 modules)
 ✓ Compiled /espace-avocat/devenir-partenaire in 212ms (785 modules)
 ○ Compiling /espace-avocat/profil ...
 ✓ Compiled /espace-avocat/profil in 601ms (793 modules)
 ○ Compiling /espace-avocat/rendez-vous ...
 ✓ Compiled /espace-avocat/rendez-vous in 734ms (698 modules)
 GET / 200 in 140ms
 GET / 200 in 57ms
 GET / 200 in 59ms
 ✓ Compiled /api/lawyers in 411ms (664 modules)
 ✓ Compiled (666 modules)
 GET /api/articles?limit=6 200 in 712ms
 GET /api/lawyers?limit=6&premium=true 200 in 541ms
 GET /api/articles?limit=6 200 in 125ms
 GET /api/lawyers?limit=6&premium=true 200 in 126ms
 ✓ Compiled /trouver-un-avocat-fiscaliste in 223ms (728 modules)
 ✓ Compiled /api/cities in 117ms (730 modules)
 GET /api/cities 200 in 244ms
 GET /api/lawyers?limit=50 200 in 136ms
 ✓ Compiled /api/specializations in 120ms (732 modules)
 GET /api/specializations 200 in 237ms
 GET /api/cities 200 in 95ms
 GET /api/specializations 200 in 97ms
 GET /api/lawyers?limit=50 200 in 122ms
 GET / 200 in 151ms
 GET / 200 in 57ms
 GET / 200 in 55ms
 GET /api/articles?limit=6 200 in 121ms
 GET /api/lawyers?limit=6&premium=true 200 in 115ms
 GET /api/articles?limit=6 200 in 119ms
 GET /api/lawyers?limit=6&premium=true 200 in 126ms
 GET / 200 in 64ms
 GET / 200 in 55ms
 GET /api/lawyers?limit=6&premium=true 200 in 155ms
 GET /api/articles?limit=6 200 in 148ms
 GET /api/articles?limit=6 200 in 123ms
 GET /api/lawyers?limit=6&premium=true 200 in 143ms
