➤ YN0000: · Yarn 4.9.2
➤ YN0000: ┌ Resolution step
➤ YN0000: └ Completed
➤ YN0000: ┌ Post-resolution validation
➤ YN0060: │ @typescript-eslint/parser is listed by your project with version 7.0.0 (p6cb6c), which doesn't satisfy what @typescript-eslint/eslint-plugin requests (^6.0.0-alpha).
➤ YN0060: │ eslint is listed by your project with version 9.24.0 (pe6e00), which doesn't satisfy what @typescript-eslint/eslint-plugin and other dependencies request (^8.57.0).
➤ YN0002: │ app@workspace:. doesn't provide prettier (pd88b5), requested by eslint-plugin-prettier.
➤ YN0086: │ Some peer dependencies are incorrectly met by your project; run yarn explain peer-requirements <hash> for details, where <hash> is the six-letter p-prefixed code.
➤ YN0086: │ Some peer dependencies are incorrectly met by dependencies; run yarn explain peer-requirements for details.
➤ YN0000: └ Completed
➤ YN0000: ┌ Fetch step
➤ YN0000: └ Completed in 2s 902ms
➤ YN0000: ┌ Link step
➤ YN0000: └ Completed in 0s 593ms
➤ YN0000: · Done with warnings in 3s 876ms
Environment variables loaded from .env
Prisma schema loaded from prisma/schema.prisma

✔ Generated Prisma Client (v6.7.0) to ./node_modules/.prisma/client in 172ms

Start by importing your Prisma Client (See: https://pris.ly/d/importing-client)

Tip: Want real-time updates to your database without manual polling? Discover how with Pulse: https://pris.ly/tip-0-pulse

  ▲ Next.js 14.2.28
  - Local:        http://localhost:3000
  - Environments: .env
  - Experiments (use with caution):
    · outputFileTracingRoot

 ✓ Starting...
 ✓ Ready in 2.2s
 ○ Compiling / ...
 ✓ Compiled / in 3s (1266 modules)
 GET / 200 in 3682ms
 ✓ Compiled in 643ms (633 modules)
 GET / 200 in 3708ms
 GET / 200 in 74ms
 ✓ Compiled /api/articles in 341ms (664 modules)
 ✓ Compiled (666 modules)
 GET /api/articles?limit=6 200 in 717ms
 GET /api/lawyers?limit=6&premium=true 200 in 727ms
 GET /api/articles?limit=6 200 in 149ms
 GET /api/lawyers?limit=6&premium=true 200 in 155ms
 ○ Compiling /a-propos ...
 ✓ Compiled /a-propos in 1134ms (1266 modules)
 ○ Compiling /espace-avocat/rendez-vous ...
 ✓ Compiled /espace-avocat/rendez-vous in 844ms (1394 modules)
 ○ Compiling /espace-avocat/devenir-partenaire ...
 ✓ Compiled /espace-avocat/devenir-partenaire in 1025ms (1429 modules)
 ○ Compiling /ressources-utiles ...
 ✓ Compiled /ressources-utiles in 1019ms (1441 modules)
 ✓ Compiled /api/fiscal-domains in 275ms (782 modules)
 ✓ Compiled (784 modules)
 GET /api/fiscal-domains 200 in 648ms
 GET /api/resources?limit=20 200 in 656ms
 ○ Compiling /simulateurs ...
 ✓ Compiled /simulateurs in 956ms (1499 modules)
 ○ Compiling /trouver-un-avocat-fiscaliste ...
 ✓ Compiled /trouver-un-avocat-fiscaliste in 1561ms (1456 modules)
 ✓ Compiled /api/specializations in 277ms (782 modules)
 ✓ Compiled (784 modules)
 GET /api/specializations 200 in 708ms
 GET /api/cities 200 in 724ms
 ✓ Compiled /api/lawyers in 268ms (786 modules)
 GET /api/lawyers?limit=50 200 in 406ms
 GET /api/cities 200 in 129ms
 GET /api/specializations 200 in 124ms
 GET /api/lawyers?limit=50 200 in 102ms
 ✓ Compiled / in 383ms (796 modules)
 ✓ Compiled /api/articles in 193ms (798 modules)
 GET /api/articles?limit=6 200 in 532ms
 GET /api/lawyers?limit=6&premium=true 200 in 537ms
 GET /api/articles?limit=6 200 in 131ms
 GET /api/lawyers?limit=6&premium=true 200 in 135ms
 GET / 200 in 167ms
 GET / 200 in 66ms
 GET / 200 in 63ms
 GET /api/articles?limit=6 200 in 140ms
 GET /api/lawyers?limit=6&premium=true 200 in 137ms
 GET /api/articles?limit=6 200 in 148ms
 GET /api/lawyers?limit=6&premium=true 200 in 134ms
 ○ Compiling /cas-pratiques ...
 ✓ Compiled /cas-pratiques in 703ms (1496 modules)
 ✓ Compiled /api/fiscal-domains in 228ms (794 modules)
 ✓ Compiled (796 modules)
 GET /api/fiscal-domains 200 in 520ms
 GET /api/case-studies?featured=true&limit=3 200 in 530ms
 GET /api/case-studies?limit=12 200 in 534ms
 ○ Compiling /cas-pratiques/[slug] ...
 ✓ Compiled /cas-pratiques/[slug] in 613ms (1501 modules)
 ✓ Compiled /api/case-studies/[slug] in 251ms (798 modules)
 GET /api/case-studies/le-defi-de-lexpatrie-residence-fiscale-et-double-imposition 200 in 616ms
 ✓ Compiled /api/cities in 184ms (782 modules)
 GET /api/cities 200 in 337ms
 ✓ Compiled /api/specializations in 269ms (784 modules)
 ✓ Compiled (786 modules)
 GET /api/cities 200 in 682ms
 GET /api/specializations 200 in 676ms
 GET /api/lawyers?limit=50 200 in 713ms
 GET /api/specializations 200 in 114ms
 GET /api/lawyers?limit=50 200 in 113ms
 GET /api/lawyers?ville=Paris&limit=50 200 in 150ms
 ○ Compiling /blog ...
 ✓ Compiled /blog in 1269ms (1490 modules)
 ✓ Compiled /api/blog-tags in 261ms (788 modules)
 ✓ Compiled (790 modules)
 GET /api/blog-tags 200 in 527ms
 GET /api/blog-posts?limit=12 200 in 539ms
 GET /api/blog-posts?featured=true&limit=3 200 in 538ms
 ○ Compiling /guides-fiscaux ...
 ✓ Compiled /guides-fiscaux in 1355ms (3003 modules)
 ✓ Compiled /api/articles in 428ms (2300 modules)
 ✓ Compiled (2302 modules)
 GET /api/fiscal-domains 200 in 822ms
 GET /api/articles?limit=6 200 in 909ms
 ○ Compiling /guides-fiscaux/[slug] ...
 ✓ Compiled /guides-fiscaux/[slug] in 1266ms (2944 modules)
 GET /api/fiscal-domains 200 in 50ms
 GET /api/articles?limit=6 200 in 144ms
 ✓ Compiled /api/lawyers in 443ms (2241 modules)
 GET /api/articles?limit=6 200 in 919ms
 GET /api/lawyers?limit=6&premium=true 200 in 931ms
 GET /api/articles?limit=6 200 in 111ms
 GET /api/lawyers?limit=6&premium=true 200 in 112ms
 ○ Compiling /simulateurs ...
 ✓ Compiled /simulateurs in 578ms (2253 modules)
 GET /api/lawyers?limit=6&premium=true 200 in 124ms
 GET /api/lawyers?limit=6&premium=true 200 in 98ms
 GET /api/articles?limit=6 200 in 124ms
 GET /api/articles?limit=6 200 in 95ms
 GET /api/fiscal-domains 200 in 45ms
 GET /api/articles?limit=6 200 in 133ms
 ✓ Compiled /a-propos in 493ms (2257 modules)
 ○ Compiling /cvu-avocats ...
 ✓ Compiled /cvu-avocats in 827ms (2928 modules)
 ○ Compiling /ressources-utiles/modeles ...
 ✓ Compiled /ressources-utiles/modeles in 647ms (1408 modules)
 ✓ Compiled /ressources-utiles/guides in 492ms (1388 modules)
 ✓ Compiled /api/lawyers in 219ms (714 modules)
 ✓ Compiled (716 modules)
 GET /api/articles?limit=6 200 in 621ms
 GET /api/lawyers?limit=6&premium=true 200 in 604ms
 GET /api/articles?limit=6 200 in 134ms
 GET /api/lawyers?limit=6&premium=true 200 in 132ms
 ○ Compiling /guides-fiscaux ...
 ✓ Compiled /guides-fiscaux in 1115ms (2238 modules)
 ○ Compiling /guides-fiscaux/[slug] ...
 ✓ Compiled /guides-fiscaux/[slug] in 954ms (2239 modules)
 ✓ Compiled /simulateurs in 317ms (2251 modules)
 ○ Compiling /cas-pratiques ...
 ✓ Compiled /cas-pratiques in 927ms (2219 modules)
