  ▲ Next.js 14.2.28
  - Local:        http://localhost:3000
  - Environments: .env
  - Experiments (use with caution):
    · outputFileTracingRoot

 ✓ Starting...
 ✓ Ready in 2s
 ○ Compiling / ...
 ✓ Compiled / in 2.3s (1266 modules)
 ✓ Compiled in 576ms (633 modules)
 GET / 200 in 2975ms
 ✓ Compiled /api/articles in 340ms (664 modules)
 ✓ Compiled (666 modules)
 GET /api/articles?limit=6 200 in 750ms
 GET /api/lawyers?limit=6&premium=true 200 in 769ms
 GET /api/lawyers?limit=6&premium=true 200 in 152ms
 GET /api/articles?limit=6 200 in 219ms
 ○ Compiling /contact ...
 GET / 200 in 576ms
 ✓ Compiled /cvu-avocats in 4.5s (3173 modules)
 GET /api/articles?limit=6 200 in 4371ms
 GET /api/lawyers?limit=6&premium=true 200 in 5201ms
 GET /trouver-un-avocat-fiscaliste 200 in 6510ms
 GET /simulateurs 200 in 6495ms
 GET /a-propos 200 in 6334ms
 GET /prise-rendez-vous 200 in 6301ms
 GET /politique-confidentialite 200 in 5983ms
 GET /contact 200 in 6312ms
 GET /espace-avocat/profil 200 in 6473ms
 GET /espace-avocat/connexion 200 in 6477ms
 GET /espace-avocat/rendez-vous 200 in 6344ms
 GET /cgu 200 in 6009ms
 GET /mentions-legales 200 in 6010ms
 GET /api/articles?limit=6 200 in 947ms
 GET /ressources-utiles/modeles 200 in 6894ms
 GET /ressources-utiles/guides 200 in 6870ms
 ○ Compiling /api/resources ...
 GET /ressources-utiles/documents 200 in 6985ms
 GET /guides-fiscaux/calcul-des-revenus-fonciers-methodes-et-deductions 200 in 6768ms
 GET /guides-fiscaux/ifi-2025-nouveautes-et-strategies-doptimisation 200 in 6763ms
 GET /guides-fiscaux/pacte-dutreil-optimiser-la-transmission-dentreprise 200 in 6764ms
 GET /guides-fiscaux/residence-fiscale-et-location-meublee-guide-pratique-2025 200 in 6761ms
 GET /guides-fiscaux/is-et-plus-values-optimisation-fiscale-pour-les-entreprises 200 in 6776ms
 GET /guides-fiscaux/dividendes-de-source-etrangere-tout-savoir-sur-limposition-en-france 200 in 6548ms
 GET /espace-avocat 200 in 6837ms
 GET /cvu-avocats 200 in 6665ms
 GET /espace-avocat/devenir-partenaire 200 in 7245ms
 ✓ Compiled /api/specializations in 3.5s (2418 modules)
 ✓ Compiled (2430 modules)
 GET /api/articles?limit=6 200 in 4330ms
 GET /api/blog-tags 200 in 4717ms
 GET /api/lawyers?limit=6&premium=true 200 in 4397ms
 GET /api/blog-posts?featured=true&limit=3 200 in 4885ms
 GET /api/case-studies?limit=12 200 in 4424ms
 GET /api/fiscal-domains 200 in 4407ms
 GET /api/fiscal-domains 200 in 4391ms
 GET /api/fiscal-domains 200 in 4258ms
 GET /api/resources?limit=20 200 in 4260ms
 GET /api/case-studies?featured=true&limit=3 200 in 4421ms
 GET /api/blog-posts?limit=12 200 in 4939ms
 GET /cas-pratiques 200 in 10938ms
 GET /ressources-utiles 200 in 10673ms
 GET /blog 200 in 10951ms
 GET /guides-fiscaux 200 in 10980ms
 ○ Compiling /api/resources/[slug]/download ...
 ✓ Compiled /api/resources/[slug]/download in 2.8s (3221 modules)
 GET /espace-avocat/messagerie 200 in 3104ms
 GET /espace-avocat/abonnement 200 in 3104ms
 GET /api/resources/checklist-residence-fiscale/download 200 in 3453ms
 GET /api/resources/modele-de-pacte-dutreil/download 200 in 3449ms
 GET /api/resources/guide-de-calcul-ifi-2025/download 200 in 3444ms
 GET /api/resources/formulaire-de-declaration-lmnp/download 200 in 3442ms
 ○ Compiling /api/case-studies/[slug] ...
 ✓ Compiled /api/case-studies/[slug] in 582ms (2456 modules)
 ✓ Compiled (2460 modules)
 GET /api/case-studies/lentrepreneur-et-la-restructuration-fiscale-un-pari-gagnant 200 in 1531ms
 GET /api/case-studies/le-defi-de-lexpatrie-residence-fiscale-et-double-imposition 200 in 1532ms
 GET /api/case-studies/la-famille-investisseur-et-loptimisation-patrimoniale 200 in 1537ms
 GET /api/blog-posts/optimisation-fiscale-vs-evasion-fiscale-comprendre-la-difference 200 in 1589ms
 GET /api/blog-posts/loi-de-finances-2025-ce-qui-change-pour-les-entreprises 200 in 1584ms
 GET /api/blog-posts/jurisprudence-recente-impact-sur-la-fiscalite-des-holdings 200 in 1584ms
 GET /api/blog-posts/investissement-locatif-2025-nouvelles-niches-fiscales 200 in 1585ms
 GET /api/fiscal-domains/fiscalite-immobiliere 200 in 1685ms
 GET /api/fiscal-domains/fiscalite-patrimoniale 200 in 1676ms
 GET /api/fiscal-domains/fiscalite-des-dirigeants 200 in 1674ms
 GET /api/fiscal-domains/fiscalite-des-particuliers 200 in 1667ms
 GET /api/fiscal-domains/fiscalite-des-entreprises 200 in 1650ms
 GET /api/fiscal-domains/fiscalite-internationale 200 in 1691ms
 GET /cas-pratiques/lentrepreneur-et-la-restructuration-fiscale-un-pari-gagnant 200 in 5522ms
 GET /cas-pratiques/le-defi-de-lexpatrie-residence-fiscale-et-double-imposition 200 in 5531ms
 GET /cas-pratiques/la-famille-investisseur-et-loptimisation-patrimoniale 200 in 5554ms
 GET /blog/investissement-locatif-2025-nouvelles-niches-fiscales 200 in 5557ms
 GET /blog/loi-de-finances-2025-ce-qui-change-pour-les-entreprises 200 in 5571ms
 GET /guides-fiscaux/domaines/fiscalite-des-particuliers 200 in 5617ms
 GET /blog/optimisation-fiscale-vs-evasion-fiscale-comprendre-la-difference 200 in 5612ms
 GET /guides-fiscaux/domaines/fiscalite-des-entreprises 200 in 5675ms
 GET /blog/jurisprudence-recente-impact-sur-la-fiscalite-des-holdings 200 in 5584ms
 GET /guides-fiscaux/domaines/fiscalite-immobiliere 200 in 5673ms
 GET /guides-fiscaux/domaines/fiscalite-des-dirigeants 200 in 5704ms
 GET /guides-fiscaux/domaines/fiscalite-patrimoniale 200 in 5730ms
 GET /guides-fiscaux/domaines/fiscalite-internationale 200 in 5748ms
 GET /api/resources/guide-de-calcul-ifi-2025/download 200 in 342ms
 GET /cvu-avocats 200 in 373ms
 GET /espace-avocat/rendez-vous 200 in 378ms
 GET / 200 in 378ms
 GET /a-propos 200 in 380ms
 GET /api/case-studies?limit=12 200 in 308ms
 GET /api/case-studies?featured=true&limit=3 200 in 309ms
 GET /api/fiscal-domains 200 in 328ms
 GET /guides-fiscaux/ifi-2025-nouveautes-et-strategies-doptimisation 200 in 468ms
 GET /guides-fiscaux/is-et-plus-values-optimisation-fiscale-pour-les-entreprises 200 in 468ms
 GET /api/case-studies/lentrepreneur-et-la-restructuration-fiscale-un-pari-gagnant 200 in 242ms
 GET /api/case-studies/la-famille-investisseur-et-loptimisation-patrimoniale 200 in 240ms
 GET /cas-pratiques 200 in 628ms
 GET /trouver-un-avocat-fiscaliste 200 in 301ms
 GET /espace-avocat/connexion 200 in 297ms
 GET /cas-pratiques/lentrepreneur-et-la-restructuration-fiscale-un-pari-gagnant 200 in 689ms
 GET /politique-confidentialite 200 in 307ms
 GET /cas-pratiques/la-famille-investisseur-et-loptimisation-patrimoniale 200 in 688ms
 GET /ressources-utiles/modeles 200 in 393ms
 GET /espace-avocat/messagerie 200 in 221ms
 GET /api/blog-posts/investissement-locatif-2025-nouvelles-niches-fiscales 200 in 265ms
 GET /espace-avocat/abonnement 200 in 255ms
 GET /mentions-legales 200 in 248ms
 GET /blog/investissement-locatif-2025-nouvelles-niches-fiscales 200 in 657ms
 GET /api/fiscal-domains/fiscalite-immobiliere 200 in 321ms
 GET /api/resources/formulaire-de-declaration-lmnp/download 200 in 331ms
 GET /guides-fiscaux/domaines/fiscalite-immobiliere 200 in 751ms
 GET /api/fiscal-domains/fiscalite-des-entreprises 200 in 294ms
 GET /guides-fiscaux/domaines/fiscalite-des-entreprises 200 in 551ms
 GET /contact 200 in 372ms
 GET /api/fiscal-domains/fiscalite-patrimoniale 200 in 287ms
 GET /guides-fiscaux/domaines/fiscalite-patrimoniale 200 in 583ms
 GET /api/blog-posts/jurisprudence-recente-impact-sur-la-fiscalite-des-holdings 200 in 323ms
 GET /api/blog-posts/jurisprudence-recente-impact-sur-la-fiscalite-des-holdings 200 in 323ms
 GET /guides-fiscaux/dividendes-de-source-etrangere-tout-savoir-sur-limposition-en-france 200 in 500ms
 GET /espace-avocat/profil 200 in 352ms
 GET /blog/jurisprudence-recente-impact-sur-la-fiscalite-des-holdings 200 in 756ms
 GET /api/resources/modele-de-pacte-dutreil/download 200 in 328ms
 GET /api/resources?limit=20 200 in 313ms
 GET /espace-avocat/devenir-partenaire 200 in 372ms
 GET /api/fiscal-domains 200 in 340ms
 GET /api/fiscal-domains 200 in 271ms
 GET /ressources-utiles 200 in 683ms
 GET /simulateurs 200 in 395ms
 GET /api/fiscal-domains/fiscalite-internationale 200 in 293ms
 GET /api/fiscal-domains/fiscalite-des-dirigeants 200 in 289ms
 GET /api/articles?limit=6 200 in 420ms
 GET /guides-fiscaux/domaines/fiscalite-internationale 200 in 726ms
 GET /espace-avocat 200 in 358ms
 GET /guides-fiscaux/domaines/fiscalite-des-dirigeants 200 in 758ms
 GET /guides-fiscaux 200 in 903ms
 GET /guides-fiscaux/calcul-des-revenus-fonciers-methodes-et-deductions 200 in 492ms
 GET /prise-rendez-vous 200 in 276ms
 GET /guides-fiscaux/pacte-dutreil-optimiser-la-transmission-dentreprise 200 in 489ms
 GET /guides-fiscaux/residence-fiscale-et-location-meublee-guide-pratique-2025 200 in 502ms
 GET /ressources-utiles/guides 200 in 319ms
 GET /api/blog-posts/optimisation-fiscale-vs-evasion-fiscale-comprendre-la-difference 200 in 270ms
 GET /ressources-utiles/documents 200 in 364ms
 GET /api/fiscal-domains/fiscalite-des-particuliers 200 in 341ms
 GET /blog/optimisation-fiscale-vs-evasion-fiscale-comprendre-la-difference 200 in 856ms
 GET /api/resources/checklist-residence-fiscale/download 200 in 328ms
 GET /guides-fiscaux/domaines/fiscalite-des-particuliers 200 in 812ms
 GET /api/blog-posts/loi-de-finances-2025-ce-qui-change-pour-les-entreprises 200 in 334ms
 GET /blog/loi-de-finances-2025-ce-qui-change-pour-les-entreprises 200 in 671ms
 GET /cgu 200 in 202ms
 GET /api/case-studies/le-defi-de-lexpatrie-residence-fiscale-et-double-imposition 200 in 149ms
 GET /cas-pratiques/le-defi-de-lexpatrie-residence-fiscale-et-double-imposition 200 in 536ms
 GET /api/blog-posts?limit=12 200 in 107ms
 GET /api/blog-posts?featured=true&limit=3 200 in 106ms
 GET /api/blog-tags 200 in 107ms
 GET /blog 200 in 306ms
 GET /simulateurs 200 in 69ms
 GET /simulateurs 200 in 37ms
 ✓ Compiled in 562ms (779 modules)
 ✓ Compiled in 408ms (779 modules)
 ✓ Compiled in 390ms (779 modules)
 ✓ Compiled in 804ms (1507 modules)
 ✓ Compiled in 474ms (779 modules)
 ✓ Compiled in 1344ms (1507 modules)
 ✓ Compiled in 684ms (779 modules)
 ✓ Compiled in 1262ms (1507 modules)
 ✓ Compiled in 849ms (1507 modules)
 ○ Compiling /actualites-fiscales ...
 ✓ Compiled /actualites-fiscales in 908ms (1514 modules)
 GET /actualites-fiscales 200 in 1084ms
 GET / 200 in 86ms
 GET / 200 in 64ms
 GET / 200 in 58ms
 ✓ Compiled /api/articles in 372ms (778 modules)
 GET /api/articles?limit=6 200 in 545ms
 ✓ Compiled /api/lawyers in 121ms (780 modules)
 GET /api/lawyers?limit=6&premium=true 200 in 253ms
 GET /api/articles?limit=6 200 in 111ms
 GET /api/lawyers?limit=6&premium=true 200 in 90ms
 ○ Compiling /trouver-un-avocat-fiscaliste ...
 ✓ Compiled /trouver-un-avocat-fiscaliste in 663ms (786 modules)
 ✓ Compiled /api/specializations in 146ms (788 modules)
 ✓ Compiled (790 modules)
 GET /api/cities 200 in 476ms
 GET /api/lawyers?limit=50 200 in 469ms
 GET /api/specializations 200 in 474ms
 GET /api/specializations 200 in 119ms
 GET /api/cities 200 in 135ms
 GET /api/lawyers?limit=50 200 in 99ms
 GET /api/specializations 200 in 107ms
 GET /api/lawyers?limit=50 200 in 145ms
 GET /api/cities 200 in 130ms
 GET /api/specializations 200 in 86ms
 GET /api/lawyers?limit=50 200 in 114ms
 GET /api/cities 200 in 110ms
 ○ Compiling /cas-pratiques ...
 ✓ Compiled /cas-pratiques in 773ms (806 modules)
 ✓ Compiled /api/fiscal-domains in 165ms (809 modules)
 ✓ Compiled (811 modules)
 GET /api/case-studies?limit=12 200 in 410ms
 GET /api/case-studies?featured=true&limit=3 200 in 410ms
 GET /api/fiscal-domains 200 in 411ms
 ✓ Compiled /espace-avocat/connexion in 215ms (806 modules)
 ✓ Compiled /espace-avocat/devenir-partenaire in 185ms (815 modules)
 ✓ Compiled /espace-avocat/profil in 259ms (824 modules)
 ✓ Compiled /espace-avocat/rendez-vous in 217ms (831 modules)
 GET / 200 in 123ms
 ✓ Compiled /api/lawyers in 160ms (824 modules)
 GET /api/lawyers?limit=6&premium=true 200 in 302ms
 GET /api/lawyers?limit=6&premium=true 200 in 152ms
 ✓ Compiled /api/articles in 152ms (826 modules)
 GET /api/articles?limit=6 200 in 304ms
 GET /api/articles?limit=6 200 in 92ms
 GET / 200 in 82ms
 GET /api/lawyers?limit=6&premium=true 200 in 136ms
 GET /api/articles?limit=6 200 in 138ms
 GET /api/lawyers?limit=6&premium=true 200 in 129ms
 GET /api/articles?limit=6 200 in 103ms
 ○ Compiling /a-propos ...
 ✓ Compiled /a-propos in 732ms (754 modules)
 ✓ Compiled /contact in 161ms (761 modules)
 ✓ Compiled /cgu in 161ms (765 modules)
 ✓ Compiled /mentions-legales in 197ms (763 modules)
 ✓ Compiled /espace-avocat/connexion in 287ms (763 modules)
 ✓ Compiled /espace-avocat/devenir-partenaire in 238ms (786 modules)
 ○ Compiling /trouver-un-avocat-fiscaliste ...
 ✓ Compiled /trouver-un-avocat-fiscaliste in 673ms (753 modules)
 ✓ Compiled /api/specializations in 250ms (784 modules)
 GET /api/specializations 200 in 430ms
 ✓ Compiled /api/lawyers in 136ms (786 modules)
 ✓ Compiled (788 modules)
 GET /api/cities 200 in 436ms
 GET /api/lawyers?limit=50 200 in 391ms
 GET /api/cities 200 in 97ms
 GET /api/specializations 200 in 93ms
 GET /api/lawyers?limit=50 200 in 93ms
