sending incremental file list
components.json
next-env.d.ts
next.config.js
package.json
postcss.config.js
tailwind.config.ts
tsconfig.json
app/
app/globals.css
app/layout.tsx
app/page.tsx
app/a-propos/
app/a-propos/page.tsx
app/api/
app/api/articles/
app/api/articles/route.ts
app/api/categories/
app/api/categories/route.ts
app/api/cities/
app/api/cities/route.ts
app/api/contact/
app/api/contact/route.ts
app/api/lawyers/
app/api/lawyers/route.ts
app/api/specializations/
app/api/specializations/route.ts
app/cgu/
app/cgu/page.tsx
app/contact/
app/contact/page.tsx
app/guides-fiscaux/
app/guides-fiscaux/page.tsx
app/guides-fiscaux/[slug]/
app/guides-fiscaux/[slug]/page.tsx
app/mentions-legales/
app/mentions-legales/page.tsx
app/politique-confidentialite/
app/politique-confidentialite/page.tsx
app/simulateurs/
app/simulateurs/page.tsx
app/trouver-un-avocat-fiscaliste/
app/trouver-un-avocat-fiscaliste/page.tsx
components/
components/article-card.tsx
components/counter-animation.tsx
components/faq-section.tsx
components/footer.tsx
components/header.tsx
components/lawyer-card.tsx
components/theme-provider.tsx
components/ui/
components/ui/accordion.tsx
components/ui/alert-dialog.tsx
components/ui/alert.tsx
components/ui/aspect-ratio.tsx
components/ui/avatar.tsx
components/ui/badge.tsx
components/ui/breadcrumb.tsx
components/ui/button.tsx
components/ui/calendar.tsx
components/ui/card.tsx
components/ui/carousel.tsx
components/ui/checkbox.tsx
components/ui/collapsible.tsx
components/ui/command.tsx
components/ui/context-menu.tsx
components/ui/date-range-picker.tsx
components/ui/dialog.tsx
components/ui/drawer.tsx
components/ui/dropdown-menu.tsx
components/ui/form.tsx
components/ui/hover-card.tsx
components/ui/input-otp.tsx
components/ui/input.tsx
components/ui/label.tsx
components/ui/menubar.tsx
components/ui/navigation-menu.tsx
components/ui/pagination.tsx
components/ui/popover.tsx
components/ui/progress.tsx
components/ui/radio-group.tsx
components/ui/resizable.tsx
components/ui/scroll-area.tsx
components/ui/select.tsx
components/ui/separator.tsx
components/ui/sheet.tsx
components/ui/skeleton.tsx
components/ui/slider.tsx
components/ui/sonner.tsx
components/ui/switch.tsx
components/ui/table.tsx
components/ui/tabs.tsx
components/ui/task-card.tsx
components/ui/textarea.tsx
components/ui/toast.tsx
components/ui/toaster.tsx
components/ui/toggle-group.tsx
components/ui/toggle.tsx
components/ui/tooltip.tsx
components/ui/use-toast.ts
data/
data/avocats_fiscalistes.json
hooks/
hooks/use-toast.ts
lib/
lib/db.ts
lib/types.ts
lib/utils.ts
lib/db/
prisma/
prisma/schema.prisma
scripts/
scripts/seed.ts

sent 314,512 bytes  received 1,828 bytes  632,680.00 bytes/sec
total size is 307,695  speedup is 0.97
Attention: Next.js now collects completely anonymous telemetry regarding usage.
This information is used to shape Next.js' roadmap and prioritize features.
You can learn more, including how to opt-out if you'd not like to participate in this anonymous program, by visiting the following URL:
https://nextjs.org/telemetry

  ▲ Next.js 14.2.28
  - Experiments (use with caution):
    · outputFileTracingRoot

   Creating an optimized production build ...
 ✓ Compiled successfully
   Skipping linting
   Checking validity of types ...
   Collecting page data ...
   Generating static pages (0/18) ...
   Generating static pages (4/18) 
   Generating static pages (8/18) 
   Generating static pages (13/18) 
 ✓ Generating static pages (18/18)
   Finalizing page optimization ...
   Collecting build traces ...

Route (app)                                                                                 Size     First Load JS
┌ ○ /                                                                                       13.7 kB         155 kB
├ ○ /_not-found                                                                             873 B            88 kB
├ ○ /a-propos                                                                               4.19 kB         145 kB
├ ƒ /api/articles                                                                           0 B                0 B
├ ƒ /api/categories                                                                         0 B                0 B
├ ƒ /api/cities                                                                             0 B                0 B
├ ƒ /api/contact                                                                            0 B                0 B
├ ƒ /api/lawyers                                                                            0 B                0 B
├ ƒ /api/specializations                                                                    0 B                0 B
├ ○ /cgu                                                                                    618 B          96.4 kB
├ ○ /contact                                                                                6.9 kB          134 kB
├ ○ /guides-fiscaux                                                                         4.22 kB         171 kB
├ ● /guides-fiscaux/[slug]                                                                  185 B           101 kB
├   ├ /guides-fiscaux/dividendes-de-source-etrangere-tout-savoir-sur-limposition-en-france
├   ├ /guides-fiscaux/residence-fiscale-et-location-meublee-guide-pratique-2025
├   ├ /guides-fiscaux/pacte-dutreil-optimiser-la-transmission-dentreprise
├   └ [+3 more paths]
├ ○ /mentions-legales                                                                       2.58 kB         122 kB
├ ○ /politique-confidentialite                                                              3.56 kB         123 kB
├ ○ /simulateurs                                                                            5.31 kB         133 kB
└ ○ /trouver-un-avocat-fiscaliste                                                           4.44 kB         162 kB
+ First Load JS shared by all                                                               87.1 kB
  ├ chunks/117-4cf5066b32ddf66e.js                                                          31.6 kB
  ├ chunks/fd9d1056-a7129889b45a2c4a.js                                                     53.6 kB
  └ other shared chunks (total)                                                             1.9 kB


○  (Static)   prerendered as static content
●  (SSG)      prerendered as static HTML (uses getStaticProps)
ƒ  (Dynamic)  server-rendered on demand

