  ▲ Next.js 14.2.28
  - Local:        http://localhost:3000
  - Environments: .env
  - Experiments (use with caution):
    · outputFileTracingRoot

 ✓ Starting...
Attention: Next.js now collects completely anonymous telemetry regarding usage.
This information is used to shape Next.js' roadmap and prioritize features.
You can learn more, including how to opt-out if you'd not like to participate in this anonymous program, by visiting the following URL:
https://nextjs.org/telemetry

 ✓ Ready in 1389ms
 ○ Compiling / ...
 ✓ Compiled / in 4.2s (1271 modules)
 GET / 200 in 4784ms
 ✓ Compiled in 569ms (633 modules)
 GET / 200 in 179ms
 ○ Compiling /api/articles ...
 ✓ Compiled /api/articles in 1944ms (1288 modules)
 GET /guides-fiscaux 404 in 2370ms
 GET /trouver-un-avocat-fiscaliste 404 in 2377ms
 GET /simulateurs 404 in 2345ms
 GET /contact 404 in 2322ms
 GET /a-propos 404 in 2316ms
 GET /mentions-legales 404 in 2312ms
 GET /politique-confidentialite 404 in 2308ms
 GET /cgu 404 in 2305ms
 GET /api/lawyers?limit=6&premium=true 200 in 2085ms
 GET /api/articles?limit=6 200 in 2099ms
 GET /api/lawyers?limit=6&premium=true 200 in 218ms
 GET /api/articles?limit=6 200 in 258ms
 GET /guides-fiscaux/is-et-plus-values-optimisation-fiscale-pour-les-entreprises 404 in 116ms
 GET /guides-fiscaux/calcul-des-revenus-fonciers-methodes-et-deductions 404 in 120ms
 GET /guides-fiscaux/pacte-dutreil-optimiser-la-transmission-dentreprise 404 in 114ms
 GET /guides-fiscaux/ifi-2025-nouveautes-et-strategies-doptimisation 404 in 110ms
 GET /guides-fiscaux/dividendes-de-source-etrangere-tout-savoir-sur-limposition-en-france 404 in 94ms
 GET /guides-fiscaux/residence-fiscale-et-location-meublee-guide-pratique-2025 404 in 90ms
 GET /simulateurs 404 in 111ms
 GET /trouver-un-avocat-fiscaliste 404 in 112ms
 GET /a-propos 404 in 111ms
 GET /guides-fiscaux/residence-fiscale-et-location-meublee-guide-pratique-2025 404 in 111ms
 GET /cgu 404 in 110ms
 GET /guides-fiscaux/pacte-dutreil-optimiser-la-transmission-dentreprise 404 in 110ms
 GET /guides-fiscaux/is-et-plus-values-optimisation-fiscale-pour-les-entreprises 404 in 111ms
 GET /guides-fiscaux/ifi-2025-nouveautes-et-strategies-doptimisation 404 in 111ms
 GET /politique-confidentialite 404 in 110ms
 GET /contact 404 in 111ms
 GET /guides-fiscaux 404 in 49ms
 GET /guides-fiscaux/calcul-des-revenus-fonciers-methodes-et-deductions 404 in 49ms
 GET /mentions-legales 404 in 51ms
 GET /guides-fiscaux/dividendes-de-source-etrangere-tout-savoir-sur-limposition-en-france 404 in 49ms
 GET / 200 in 91ms
 ✓ Compiled in 1007ms (1264 modules)
 ✓ Compiled in 912ms (1264 modules)
 ✓ Compiled in 814ms (1264 modules)
[?25h
