  ▲ Next.js 14.2.28
  - Local:        http://localhost:3000
  - Environments: .env
  - Experiments (use with caution):
    · outputFileTracingRoot

 ✓ Starting...
 ✓ Ready in 1657ms
 ○ Compiling / ...
 ✓ Compiled / in 2.4s (1264 modules)
 GET / 200 in 2833ms
 GET / 200 in 2854ms
 ✓ Compiled in 551ms (633 modules)
 GET / 200 in 51ms
 ✓ Compiled /api/articles in 321ms (662 modules)
 ✓ Compiled (664 modules)
 GET /api/articles?limit=6 200 in 678ms
 GET /api/lawyers?limit=6&premium=true 200 in 680ms
 GET /api/lawyers?limit=6&premium=true 200 in 104ms
 GET /api/articles?limit=6 200 in 121ms
 GET / 200 in 101ms
 GET / 200 in 108ms
 GET / 200 in 45ms
 GET /api/lawyers?limit=6&premium=true 200 in 129ms
 GET /api/articles?limit=6 200 in 128ms
 GET /api/lawyers?limit=6&premium=true 200 in 111ms
 GET /api/articles?limit=6 200 in 120ms
 ○ Compiling /trouver-un-avocat-fiscaliste ...
 ✓ Compiled /trouver-un-avocat-fiscaliste in 946ms (1374 modules)
 ✓ Compiled /guides-fiscaux in 323ms (1382 modules)
 ○ Compiling /simulateurs ...
 ✓ Compiled /simulateurs in 560ms (1408 modules)
 ✓ Compiled /api/lawyers in 246ms (677 modules)
 GET /api/lawyers?limit=6&premium=true 200 in 426ms
 ✓ Compiled /api/articles in 127ms (679 modules)
 GET /api/lawyers?limit=6&premium=true 200 in 274ms
 GET /api/articles?limit=6 200 in 370ms
 GET /api/articles?limit=6 200 in 97ms
 ○ Compiling /contact ...
 ✓ Compiled /contact in 853ms (1396 modules)
 ✓ Compiled /a-propos in 443ms (1408 modules)
 GET /api/articles?limit=50 200 in 119ms
 GET /api/articles?limit=50 200 in 99ms
 ✓ Compiled /api/categories in 216ms (699 modules)
 GET /api/categories 200 in 336ms
 GET /api/categories 200 in 95ms
 GET /api/articles?category=fiscalite-des-particuliers&limit=50 200 in 108ms
 GET /api/articles?category=fiscalite-des-dirigeants&limit=50 200 in 100ms
 ○ Compiling /guides-fiscaux/[slug] ...
 ✓ Compiled /guides-fiscaux/[slug] in 968ms (1441 modules)
 ✓ Compiled /guides-fiscaux in 476ms (789 modules)
 GET /api/categories 200 in 204ms
 GET /api/articles?limit=50 200 in 228ms
 GET /api/categories 200 in 83ms
 GET /api/articles?limit=50 200 in 80ms
 GET /api/articles?category=fiscalite-des-particuliers&limit=50 200 in 100ms
 ✓ Compiled /trouver-un-avocat-fiscaliste in 181ms (780 modules)
 ✓ Compiled /api/specializations in 159ms (782 modules)
 ✓ Compiled (784 modules)
 GET /api/cities 200 in 535ms
 GET /api/specializations 200 in 541ms
 ✓ Compiled /api/lawyers in 229ms (786 modules)
 ✓ Compiled in 1ms (786 modules)
 ✓ Compiled in 0ms (786 modules)
 GET /api/cities 200 in 549ms
 GET /api/specializations 200 in 727ms
 GET /api/lawyers?limit=50 200 in 918ms
 GET /api/lawyers?limit=50 200 in 82ms
 GET /api/lawyers?ville=Marseille&limit=50 200 in 97ms
 GET /api/lawyers?ville=Marseille&specialite=determination-du-resultat-fiscal&limit=50 200 in 102ms
 GET /api/lawyers?ville=Marseille&specialite=contentieux-fiscal&limit=50 200 in 103ms
 GET /api/lawyers?ville=Paris&specialite=contentieux-fiscal&limit=50 200 in 106ms
 GET /api/lawyers?ville=Paris&specialite=donation&limit=50 200 in 105ms
 GET /api/lawyers?ville=Paris&limit=50 200 in 112ms
 GET /api/lawyers?limit=50 200 in 120ms
 ○ Compiling / ...
 ✓ Compiled / in 580ms (778 modules)
 GET /api/lawyers?limit=6&premium=true 200 in 107ms
 GET /api/lawyers?limit=6&premium=true 200 in 106ms
 ✓ Compiled /api/articles in 177ms (780 modules)
 GET /api/articles?limit=6 200 in 281ms
 GET /api/articles?limit=6 200 in 81ms
 ✓ Compiled /api/categories in 262ms (768 modules)
 GET /api/categories 200 in 386ms
 ✓ Compiled /api/articles in 161ms (770 modules)
 GET /api/articles?limit=50 200 in 439ms
 GET /api/categories 200 in 384ms
 GET /api/articles?limit=50 200 in 103ms
 GET /api/articles?category=fiscalite-des-particuliers&limit=50 200 in 100ms
 GET /api/articles?category=fiscalite-des-entreprises&limit=50 200 in 99ms
 ✓ Compiled /api/lawyers in 238ms (768 modules)
 GET /api/lawyers?limit=6&premium=true 200 in 363ms
 GET /api/lawyers?limit=6&premium=true 200 in 112ms
 ✓ Compiled /api/articles in 141ms (770 modules)
 GET /api/articles?limit=6 200 in 240ms
 GET /api/articles?limit=6 200 in 80ms
 ○ Compiling /simulateurs ...
 ✓ Compiled /simulateurs in 551ms (752 modules)
 ✓ Compiled /api/categories in 179ms (775 modules)
 GET /api/categories 200 in 359ms
 ✓ Compiled /api/articles in 163ms (777 modules)
 GET /api/categories 200 in 377ms
 GET /api/articles?limit=50 200 in 448ms
 GET /api/articles?limit=50 200 in 98ms
 ✓ Compiled /contact in 272ms (787 modules)
 ✓ Compiled /api/cities in 235ms (757 modules)
 ✓ Compiled (759 modules)
 GET /api/cities 200 in 658ms
 GET /api/specializations 200 in 660ms
 ✓ Compiled /api/lawyers in 162ms (761 modules)
 GET /api/lawyers?limit=50 200 in 293ms
 GET /api/specializations 200 in 143ms
 GET /api/cities 200 in 125ms
 GET /api/lawyers?limit=50 200 in 125ms
 GET /api/categories 200 in 104ms
 GET /api/articles?limit=50 200 in 110ms
 GET /api/categories 200 in 116ms
 GET /api/articles?limit=50 200 in 100ms
 GET / 200 in 116ms
 GET / 200 in 47ms
 GET / 200 in 43ms
 GET /api/articles?limit=6 200 in 124ms
 GET /api/lawyers?limit=6&premium=true 200 in 132ms
 GET /api/articles?limit=6 200 in 105ms
 GET /api/lawyers?limit=6&premium=true 200 in 123ms
 ○ Compiling /mentions-legales ...
 ✓ Compiled /mentions-legales in 981ms (1440 modules)
 ✓ Compiled /politique-confidentialite in 477ms (1451 modules)
 ✓ Compiled /cgu in 444ms (1399 modules)
 ✓ Compiled /api/lawyers in 176ms (708 modules)
 GET /api/lawyers?limit=6&premium=true 200 in 326ms
 GET /api/lawyers?limit=6&premium=true 200 in 146ms
 ✓ Compiled /api/articles in 238ms (710 modules)
 GET /api/articles?limit=6 200 in 347ms
 GET /api/articles?limit=6 200 in 79ms
 ✓ Compiled in 1132ms (1407 modules)
 ✓ Compiled in 470ms (1407 modules)
 ✓ Compiled in 610ms (1407 modules)
 ✓ Compiled in 636ms (1407 modules)
 ✓ Compiled in 501ms (1407 modules)
 ✓ Compiled in 932ms (1407 modules)
 ✓ Compiled in 985ms (1407 modules)
 ○ Compiling /_error ...
 GET / 500 in 2690ms
 GET / 500 in 2684ms
 GET / 500 in 29ms
 GET / 500 in 29ms
 GET / 500 in 26ms
 GET / 500 in 24ms
 GET / 500 in 23ms
 GET / 500 in 24ms
 GET / 500 in 25ms
 GET / 500 in 22ms
 GET / 500 in 27ms
 GET / 500 in 27ms
 GET / 500 in 757ms
 GET / 500 in 465ms
 GET / 500 in 27ms
 GET / 500 in 27ms
 GET / 500 in 30ms
 GET / 500 in 28ms
 GET / 500 in 26ms
 GET / 500 in 26ms
 GET / 500 in 24ms
 GET / 500 in 24ms
 GET / 500 in 27ms
 GET / 500 in 24ms
[?25h
