➤ YN0000: · Yarn 4.9.2
➤ YN0000: ┌ Resolution step
➤ YN0000: └ Completed
➤ YN0000: ┌ Post-resolution validation
➤ YN0060: │ @typescript-eslint/parser is listed by your project with version 7.0.0 (p6cb6c), which doesn't satisfy what @typescript-eslint/eslint-plugin requests (^6.0.0-alpha).
➤ YN0060: │ eslint is listed by your project with version 9.24.0 (pe6e00), which doesn't satisfy what @typescript-eslint/eslint-plugin and other dependencies request (^8.57.0).
➤ YN0002: │ app@workspace:. doesn't provide prettier (pd88b5), requested by eslint-plugin-prettier.
➤ YN0086: │ Some peer dependencies are incorrectly met by your project; run yarn explain peer-requirements <hash> for details, where <hash> is the six-letter p-prefixed code.
➤ YN0086: │ Some peer dependencies are incorrectly met by dependencies; run yarn explain peer-requirements for details.
➤ YN0000: └ Completed
➤ YN0000: ┌ Fetch step
➤ YN0000: └ Completed in 1s 250ms
➤ YN0000: ┌ Link step
➤ YN0000: └ Completed in 0s 575ms
➤ YN0000: · Done with warnings in 2s 60ms
Environment variables loaded from .env
Prisma schema loaded from prisma/schema.prisma

✔ Generated Prisma Client (v6.7.0) to ./node_modules/.prisma/client in 172ms

Start by importing your Prisma Client (See: https://pris.ly/d/importing-client)

Help us improve the Prisma ORM for everyone. Share your feedback in a short 2-min survey: https://pris.ly/orm/survey/release-5-22

  ▲ Next.js 14.2.28
  - Local:        http://localhost:3000
  - Environments: .env
  - Experiments (use with caution):
    · outputFileTracingRoot

 ✓ Starting...
 ✓ Ready in 1491ms
 ○ Compiling / ...
 ✓ Compiled / in 2.7s (1266 modules)
 GET / 200 in 3309ms
 ✓ Compiled in 577ms (633 modules)
 GET / 200 in 65ms
 GET / 200 in 54ms
 GET / 200 in 55ms
 ✓ Compiled /api/articles in 314ms (664 modules)
 GET /api/articles?limit=6 200 in 534ms
 ✓ Compiled /api/lawyers in 146ms (666 modules)
 GET /api/lawyers?limit=6&premium=true 200 in 293ms
 GET /api/articles?limit=6 200 in 112ms
 GET /api/lawyers?limit=6&premium=true 200 in 121ms
 ○ Compiling /a-propos ...
 ✓ Compiled /a-propos in 977ms (1238 modules)
 ○ Compiling /contact ...
 ✓ Compiled /contact in 609ms (1264 modules)
 ✓ Compiled / in 162ms (654 modules)
 ✓ Compiled /api/articles in 152ms (685 modules)
 ✓ Compiled (687 modules)
 GET /api/lawyers?limit=6&premium=true 200 in 513ms
 GET /api/articles?limit=6 200 in 500ms
 GET /api/lawyers?limit=6&premium=true 200 in 144ms
 GET /api/articles?limit=6 200 in 139ms
 ○ Compiling /trouver-un-avocat-fiscaliste ...
 ✓ Compiled /trouver-un-avocat-fiscaliste in 833ms (1432 modules)
 ✓ Compiled /api/specializations in 226ms (740 modules)
 GET /api/specializations 200 in 374ms
 ✓ Compiled /api/cities in 154ms (742 modules)
 GET /api/cities 200 in 440ms
 GET /api/lawyers?limit=50 200 in 432ms
 GET /api/specializations 200 in 109ms
 GET /api/cities 200 in 85ms
 GET /api/lawyers?limit=50 200 in 112ms
 GET /api/lawyers?ville=Paris&limit=50 200 in 110ms
 GET /api/lawyers?limit=50 200 in 117ms
 ○ Compiling /guides-fiscaux ...
 ✓ Compiled /guides-fiscaux in 1321ms (2954 modules)
 ✓ Compiled /api/articles in 298ms (2262 modules)
 ✓ Compiled (2264 modules)
 GET /api/articles?limit=6 200 in 722ms
 GET /api/fiscal-domains 200 in 728ms
 ○ Compiling /a-propos ...
 ✓ Compiled /a-propos in 785ms (612 modules)
 ○ Compiling /blog ...
 ✓ Compiled /blog in 504ms (1339 modules)
 ✓ Compiled /api/blog-tags in 188ms (676 modules)
 ✓ Compiled (678 modules)
 GET /api/blog-tags 200 in 399ms
 GET /api/blog-posts?limit=12 200 in 409ms
 GET /api/blog-posts?featured=true&limit=3 200 in 409ms
 ✓ Compiled /blog/[slug] in 470ms (1078 modules)
 ✓ Compiled /api/blog-posts/[slug] in 110ms (385 modules)
 GET /api/blog-posts/jurisprudence-recente-impact-sur-la-fiscalite-des-holdings 200 in 460ms
 GET /api/blog-posts/optimisation-fiscale-vs-evasion-fiscale-comprendre-la-difference 200 in 47ms
 GET /api/blog-posts?limit=12 200 in 58ms
 GET /api/blog-posts?featured=true&limit=3 200 in 59ms
 GET /api/blog-tags 200 in 60ms
 ✓ Compiled /cas-pratiques in 497ms (1084 modules)
 ✓ Compiled /api/fiscal-domains in 119ms (391 modules)
 ✓ Compiled (393 modules)
 GET /api/case-studies?limit=12 200 in 327ms
 GET /api/case-studies?featured=true&limit=3 200 in 327ms
 GET /api/fiscal-domains 200 in 330ms
 GET /api/case-studies?limit=12 200 in 53ms
 GET /api/case-studies?featured=true&limit=3 200 in 54ms
 GET /api/fiscal-domains 200 in 52ms
 ○ Compiling /simulateurs ...
 ✓ Compiled /simulateurs in 741ms (1396 modules)
 ○ Compiling /espace-avocat/devenir-partenaire ...
 ✓ Compiled /espace-avocat/devenir-partenaire in 1064ms (1047 modules)
 ○ Compiling /espace-avocat/connexion ...
 ✓ Compiled /espace-avocat/connexion in 593ms (1066 modules)
 ✓ Compiled /espace-avocat/profil in 443ms (1082 modules)
 ○ Compiling /espace-avocat/rendez-vous ...
 ✓ Compiled /espace-avocat/rendez-vous in 698ms (1154 modules)
 ○ Compiling /cas-pratiques ...
 ✓ Compiled /cas-pratiques in 652ms (336 modules)
 ○ Compiling /cvu-avocats ...
 ✓ Compiled /cvu-avocats in 1111ms (1033 modules)
 ○ Compiling /ressources-utiles/documents ...
 ✓ Compiled /ressources-utiles/documents in 1024ms (1032 modules)
 ✓ Compiled /ressources-utiles/modeles in 357ms (1036 modules)
 ✓ Compiled /ressources-utiles/guides in 369ms (1040 modules)
 ✓ Compiled /ressources-utiles in 427ms (1047 modules)
 ✓ Compiled /api/fiscal-domains in 208ms (356 modules)
 ✓ Compiled (358 modules)
 GET /api/resources?limit=20 200 in 444ms
 GET /api/fiscal-domains 200 in 450ms
 ○ Compiling /espace-avocat/devenir-partenaire ...
 ✓ Compiled /espace-avocat/devenir-partenaire in 775ms (340 modules)
 ✓ Compiled /espace-avocat/connexion in 167ms (354 modules)
 ✓ Compiled in 957ms (735 modules)
 ✓ Compiled in 513ms (735 modules)
 ✓ Compiled in 577ms (735 modules)
 ✓ Compiled in 534ms (735 modules)
 ✓ Compiled in 537ms (735 modules)
 ✓ Compiled in 538ms (735 modules)
 ✓ Compiled in 1031ms (756 modules)
[?25h
