  ▲ Next.js 14.2.28
  - Local:        http://localhost:3000
  - Environments: .env
  - Experiments (use with caution):
    · outputFileTracingRoot

 ✓ Starting...
 ✓ Ready in 1904ms
 ○ Compiling / ...
 ✓ Compiled / in 2.3s (1266 modules)
 ✓ Compiled in 564ms (633 modules)
 GET / 200 in 2904ms
 ✓ Compiled /api/articles in 457ms (664 modules)
 ✓ Compiled (666 modules)
 GET /api/lawyers?limit=6&premium=true 200 in 832ms
 GET /api/articles?limit=6 200 in 840ms
 GET /api/articles?limit=6 200 in 181ms
 GET /api/lawyers?limit=6&premium=true 200 in 198ms
 GET / 200 in 478ms
 ○ Compiling /espace-avocat/devenir-partenaire ...
 ✓ Compiled /cgu in 4.4s (3131 modules)
 GET /api/articles?limit=6 200 in 4102ms
 GET /api/lawyers?limit=6&premium=true 200 in 5088ms
 GET /trouver-un-avocat-fiscaliste 200 in 6503ms
 GET /simulateurs 200 in 6470ms
 GET /a-propos 200 in 6281ms
 GET /contact 200 in 6159ms
 GET /prise-rendez-vous 200 in 6146ms
 GET /mentions-legales 200 in 6062ms
 GET /espace-avocat/connexion 200 in 6329ms
 GET /espace-avocat/rendez-vous 200 in 6317ms
 GET /politique-confidentialite 200 in 6087ms
 GET /espace-avocat/profil 200 in 6328ms
 GET /cgu 200 in 6104ms
 ○ Compiling /api/blog-tags ...
 GET /ressources-utiles/guides 200 in 6792ms
 GET /ressources-utiles/modeles 200 in 6828ms
 GET /ressources-utiles/documents 200 in 6951ms
 GET /espace-avocat 200 in 6712ms
 GET /guides-fiscaux/ifi-2025-nouveautes-et-strategies-doptimisation 200 in 6860ms
 GET /guides-fiscaux/is-et-plus-values-optimisation-fiscale-pour-les-entreprises 200 in 6907ms
 GET /guides-fiscaux/pacte-dutreil-optimiser-la-transmission-dentreprise 200 in 6873ms
 GET /guides-fiscaux/residence-fiscale-et-location-meublee-guide-pratique-2025 200 in 6868ms
 GET /guides-fiscaux/calcul-des-revenus-fonciers-methodes-et-deductions 200 in 6918ms
 GET /guides-fiscaux/dividendes-de-source-etrangere-tout-savoir-sur-limposition-en-france 200 in 6873ms
 GET /cvu-avocats 200 in 6920ms
 GET /espace-avocat/devenir-partenaire 200 in 7194ms
 ✓ Compiled /api/specializations in 3.6s (2397 modules)
 ✓ Compiled (2409 modules)
 GET /api/articles?limit=6 200 in 4975ms
 GET /api/articles?limit=6 200 in 4342ms
 GET /api/fiscal-domains 200 in 4392ms
 GET /api/lawyers?limit=6&premium=true 200 in 4409ms
 GET /api/blog-tags 200 in 4415ms
 GET /api/case-studies?limit=12 200 in 5101ms
 GET /api/resources?limit=20 200 in 4409ms
 GET /api/case-studies?featured=true&limit=3 200 in 5044ms
 GET /api/blog-posts?limit=12 200 in 4858ms
 GET /api/blog-posts?featured=true&limit=3 200 in 4434ms
 GET /api/fiscal-domains 200 in 4421ms
 GET /api/fiscal-domains 200 in 5007ms
 GET /cas-pratiques 200 in 10945ms
 GET /ressources-utiles 200 in 10553ms
 GET /blog 200 in 10970ms
 GET /guides-fiscaux 200 in 11006ms
 ○ Compiling /espace-avocat/abonnement ...
 ✓ Compiled /espace-avocat/abonnement in 3.1s (3179 modules)
 GET /espace-avocat/abonnement 200 in 3385ms
 GET /espace-avocat/messagerie 200 in 3401ms
 GET /api/resources/checklist-residence-fiscale/download 200 in 3524ms
 GET /api/resources/modele-de-pacte-dutreil/download 200 in 3497ms
 GET /api/resources/guide-de-calcul-ifi-2025/download 200 in 3487ms
 GET /api/resources/formulaire-de-declaration-lmnp/download 200 in 3465ms
 ○ Compiling /api/blog-posts/[slug] ...
 ✓ Compiled /api/blog-posts/[slug] in 656ms (2435 modules)
 ✓ Compiled (2439 modules)
 GET /api/blog-posts/investissement-locatif-2025-nouvelles-niches-fiscales 200 in 1665ms
 GET /api/blog-posts/loi-de-finances-2025-ce-qui-change-pour-les-entreprises 200 in 1680ms
 GET /api/blog-posts/optimisation-fiscale-vs-evasion-fiscale-comprendre-la-difference 200 in 1690ms
 GET /api/blog-posts/jurisprudence-recente-impact-sur-la-fiscalite-des-holdings 200 in 1684ms
 GET /api/fiscal-domains/fiscalite-immobiliere 200 in 1871ms
 GET /api/fiscal-domains/fiscalite-patrimoniale 200 in 1870ms
 GET /api/fiscal-domains/fiscalite-des-dirigeants 200 in 1867ms
 GET /api/fiscal-domains/fiscalite-des-particuliers 200 in 1863ms
 GET /api/fiscal-domains/fiscalite-des-entreprises 200 in 1860ms
 GET /api/fiscal-domains/fiscalite-internationale 200 in 1872ms
 GET /api/case-studies/la-famille-investisseur-et-loptimisation-patrimoniale 200 in 1910ms
 GET /api/case-studies/le-defi-de-lexpatrie-residence-fiscale-et-double-imposition 200 in 1906ms
 GET /api/case-studies/lentrepreneur-et-la-restructuration-fiscale-un-pari-gagnant 200 in 1907ms
 GET /blog/investissement-locatif-2025-nouvelles-niches-fiscales 200 in 5888ms
 GET /blog/loi-de-finances-2025-ce-qui-change-pour-les-entreprises 200 in 5939ms
 GET /blog/optimisation-fiscale-vs-evasion-fiscale-comprendre-la-difference 200 in 5976ms
 GET /blog/jurisprudence-recente-impact-sur-la-fiscalite-des-holdings 200 in 5977ms
 GET /guides-fiscaux/domaines/fiscalite-des-particuliers 200 in 6019ms
 GET /guides-fiscaux/domaines/fiscalite-des-entreprises 200 in 6135ms
 GET /guides-fiscaux/domaines/fiscalite-immobiliere 200 in 6087ms
 GET /guides-fiscaux/domaines/fiscalite-des-dirigeants 200 in 6108ms
 GET /guides-fiscaux/domaines/fiscalite-patrimoniale 200 in 6109ms
 GET /cas-pratiques/la-famille-investisseur-et-loptimisation-patrimoniale 200 in 6006ms
 GET /cas-pratiques/le-defi-de-lexpatrie-residence-fiscale-et-double-imposition 200 in 5999ms
 GET /cas-pratiques/lentrepreneur-et-la-restructuration-fiscale-un-pari-gagnant 200 in 5980ms
 GET /guides-fiscaux/domaines/fiscalite-internationale 200 in 6165ms
 GET /cvu-avocats 200 in 359ms
 GET /prise-rendez-vous 200 in 360ms
 GET /politique-confidentialite 200 in 373ms
 GET /espace-avocat/messagerie 200 in 373ms
 GET /cgu 200 in 373ms
 GET /simulateurs 200 in 374ms
 GET /espace-avocat/abonnement 200 in 377ms
 GET /api/fiscal-domains 200 in 197ms
 GET /api/case-studies/lentrepreneur-et-la-restructuration-fiscale-un-pari-gagnant 200 in 259ms
 GET /api/blog-posts/optimisation-fiscale-vs-evasion-fiscale-comprendre-la-difference 200 in 324ms
 GET /api/articles?limit=6 200 in 394ms
 GET /trouver-un-avocat-fiscaliste 200 in 366ms
 GET /cas-pratiques/lentrepreneur-et-la-restructuration-fiscale-un-pari-gagnant 200 in 769ms
 GET /espace-avocat/rendez-vous 200 in 388ms
 GET /guides-fiscaux 200 in 784ms
 GET /blog/optimisation-fiscale-vs-evasion-fiscale-comprendre-la-difference 200 in 777ms
 GET /api/resources/formulaire-de-declaration-lmnp/download 200 in 433ms
 GET /guides-fiscaux/is-et-plus-values-optimisation-fiscale-pour-les-entreprises 200 in 444ms
 GET /guides-fiscaux/ifi-2025-nouveautes-et-strategies-doptimisation 200 in 445ms
 GET /api/resources?limit=20 200 in 184ms
 GET /api/fiscal-domains 200 in 165ms
 GET / 200 in 197ms
 GET /ressources-utiles 200 in 589ms
 GET /api/blog-posts/jurisprudence-recente-impact-sur-la-fiscalite-des-holdings 200 in 234ms
 GET /espace-avocat/profil 200 in 305ms
 GET /api/resources/modele-de-pacte-dutreil/download 200 in 272ms
 GET /api/resources/guide-de-calcul-ifi-2025/download 200 in 273ms
 GET /blog/jurisprudence-recente-impact-sur-la-fiscalite-des-holdings 200 in 745ms
 GET /a-propos 200 in 330ms
 GET /api/fiscal-domains/fiscalite-des-particuliers 200 in 244ms
 GET /api/fiscal-domains/fiscalite-patrimoniale 200 in 244ms
 GET /api/blog-tags 200 in 244ms
 GET /api/blog-posts?limit=12 200 in 245ms
 GET /api/blog-posts?featured=true&limit=3 200 in 246ms
 GET /api/resources/checklist-residence-fiscale/download 200 in 281ms
 GET /blog 200 in 722ms
 GET /guides-fiscaux/domaines/fiscalite-patrimoniale 200 in 717ms
 GET /guides-fiscaux/domaines/fiscalite-des-particuliers 200 in 727ms
 GET /guides-fiscaux/pacte-dutreil-optimiser-la-transmission-dentreprise 200 in 390ms
 GET /guides-fiscaux/calcul-des-revenus-fonciers-methodes-et-deductions 200 in 391ms
 GET /guides-fiscaux/residence-fiscale-et-location-meublee-guide-pratique-2025 200 in 499ms
 GET /api/fiscal-domains/fiscalite-des-entreprises 200 in 323ms
 GET /guides-fiscaux/domaines/fiscalite-des-entreprises 200 in 605ms
 GET /ressources-utiles/modeles 200 in 176ms
 GET /api/blog-posts/investissement-locatif-2025-nouvelles-niches-fiscales 200 in 215ms
 GET /espace-avocat 200 in 246ms
 GET /contact 200 in 248ms
 GET /blog/investissement-locatif-2025-nouvelles-niches-fiscales 200 in 725ms
 GET /api/case-studies/la-famille-investisseur-et-loptimisation-patrimoniale 200 in 334ms
 GET /cas-pratiques/la-famille-investisseur-et-loptimisation-patrimoniale 200 in 809ms
 GET /ressources-utiles/guides 200 in 338ms
 GET /espace-avocat/connexion 200 in 298ms
 GET /api/fiscal-domains/fiscalite-internationale 200 in 273ms
 GET /api/fiscal-domains/fiscalite-des-dirigeants 200 in 272ms
 GET /api/fiscal-domains/fiscalite-immobiliere 200 in 272ms
 GET /api/fiscal-domains 200 in 321ms
 GET /api/case-studies?limit=12 200 in 323ms
 GET /api/case-studies?featured=true&limit=3 200 in 323ms
 GET /mentions-legales 200 in 369ms
 GET /espace-avocat/devenir-partenaire 200 in 326ms
 GET /guides-fiscaux/domaines/fiscalite-des-dirigeants 200 in 732ms
 GET /guides-fiscaux/domaines/fiscalite-internationale 200 in 733ms
 GET /guides-fiscaux/domaines/fiscalite-immobiliere 200 in 731ms
 GET /cas-pratiques 200 in 756ms
 GET /api/case-studies/le-defi-de-lexpatrie-residence-fiscale-et-double-imposition 200 in 332ms
 GET /cas-pratiques/le-defi-de-lexpatrie-residence-fiscale-et-double-imposition 200 in 761ms
 GET /ressources-utiles/documents 200 in 227ms
 GET /api/blog-posts/loi-de-finances-2025-ce-qui-change-pour-les-entreprises 200 in 213ms
 GET /api/blog-posts/loi-de-finances-2025-ce-qui-change-pour-les-entreprises 200 in 215ms
 GET /guides-fiscaux/dividendes-de-source-etrangere-tout-savoir-sur-limposition-en-france 200 in 448ms
 GET /blog/loi-de-finances-2025-ce-qui-change-pour-les-entreprises 200 in 598ms
 GET / 200 in 63ms
 GET / 200 in 61ms
 GET / 200 in 51ms
 GET /api/lawyers?limit=6&premium=true 200 in 157ms
 GET /api/articles?limit=6 200 in 148ms
 GET /api/lawyers?limit=6&premium=true 200 in 134ms
 GET /api/articles?limit=6 200 in 128ms
 GET /api/fiscal-domains 200 in 55ms
 GET /api/articles?limit=6 200 in 126ms
 GET /api/fiscal-domains/fiscalite-immobiliere 200 in 74ms
 GET /api/resources/formulaire-de-declaration-lmnp/download 200 in 48ms
 GET / 200 in 57ms
 GET /api/articles?limit=6 200 in 136ms
 GET /api/lawyers?limit=6&premium=true 200 in 129ms
 GET /api/articles?limit=6 200 in 127ms
 GET /api/lawyers?limit=6&premium=true 200 in 146ms
 GET /api/fiscal-domains 200 in 62ms
 GET /api/case-studies?featured=true&limit=3 200 in 69ms
 GET /api/case-studies?limit=12 200 in 72ms
