  ▲ Next.js 14.2.28
  - Local:        http://localhost:3000
  - Environments: .env
  - Experiments (use with caution):
    · outputFileTracingRoot

 ✓ Starting...
 ✓ Ready in 1546ms
 ○ Compiling / ...
 ✓ Compiled / in 2.8s (1266 modules)
 ✓ Compiled in 596ms (633 modules)
 GET / 200 in 3451ms
 ✓ Compiled /api/articles in 333ms (664 modules)
 ✓ Compiled (666 modules)
 GET /api/lawyers?limit=6&premium=true 200 in 676ms
 GET /api/articles?limit=6 200 in 675ms
 GET /api/articles?limit=6 200 in 134ms
 GET /api/lawyers?limit=6&premium=true 200 in 156ms
 GET / 200 in 354ms
 ○ Compiling /cvu-avocats ...
 ✓ Compiled /cvu-avocats in 4.8s (3173 modules)
 GET /api/articles?limit=6 200 in 5549ms
 GET /api/lawyers?limit=6&premium=true 200 in 5878ms
 GET /simulateurs 200 in 6789ms
 GET /trouver-un-avocat-fiscaliste 200 in 6818ms
 GET /a-propos 200 in 6616ms
 GET /contact 200 in 6596ms
 GET /prise-rendez-vous 200 in 6592ms
 GET /politique-confidentialite 200 in 6544ms
 GET /mentions-legales 200 in 6546ms
 GET /cgu 200 in 6553ms
 GET /espace-avocat/connexion 200 in 6706ms
 GET /espace-avocat/profil 200 in 6667ms
 GET /espace-avocat/rendez-vous 200 in 6670ms
 GET /guides-fiscaux/is-et-plus-values-optimisation-fiscale-pour-les-entreprises 200 in 6898ms
 GET /guides-fiscaux/ifi-2025-nouveautes-et-strategies-doptimisation 200 in 6887ms
 GET /guides-fiscaux/calcul-des-revenus-fonciers-methodes-et-deductions 200 in 6903ms
 GET /guides-fiscaux/pacte-dutreil-optimiser-la-transmission-dentreprise 200 in 6900ms
 GET /ressources-utiles/modeles 200 in 7159ms
 GET /ressources-utiles/guides 200 in 7049ms
 GET /guides-fiscaux/residence-fiscale-et-location-meublee-guide-pratique-2025 200 in 6900ms
 GET /guides-fiscaux/dividendes-de-source-etrangere-tout-savoir-sur-limposition-en-france 200 in 6891ms
 ○ Compiling /api/resources ...
 GET /ressources-utiles/documents 200 in 7199ms
 GET /espace-avocat 200 in 7057ms
 GET /cvu-avocats 200 in 7255ms
 GET /espace-avocat/devenir-partenaire 200 in 7442ms
 GET /histoires-fiscales 200 in 7658ms
 ✓ Compiled /api/specializations in 3.6s (2418 modules)
 ✓ Compiled (2428 modules)
 GET /api/articles?limit=6 200 in 4556ms
 GET /api/articles?limit=6 200 in 4555ms
 GET /api/lawyers?limit=6&premium=true 200 in 4493ms
 GET /api/blog-tags 200 in 4535ms
 GET /api/fiscal-domains 200 in 4751ms
 GET /api/fiscal-domains 200 in 4420ms
 GET /api/blog-posts?limit=12 200 in 4577ms
 GET /api/blog-posts?featured=true&limit=3 200 in 4556ms
 GET /api/resources?limit=20 200 in 4424ms
 GET /ressources-utiles 200 in 11102ms
 GET /blog 200 in 11395ms
 GET /guides-fiscaux 200 in 11422ms
 ○ Compiling /api/resources/[slug]/download ...
 ✓ Compiled /api/resources/[slug]/download in 2.4s (3222 modules)
 GET /espace-avocat/abonnement 200 in 2762ms
 GET /espace-avocat/messagerie 200 in 2771ms
 GET /api/resources/checklist-residence-fiscale/download 200 in 2944ms
 GET /api/resources/modele-de-pacte-dutreil/download 200 in 2940ms
 GET /api/resources/guide-de-calcul-ifi-2025/download 200 in 2936ms
 GET /api/resources/formulaire-de-declaration-lmnp/download 200 in 2935ms
 GET /histoires-fiscales/categorie/transmission 404 in 3462ms
 GET /histoires-fiscales/categorie/optimisation 404 in 3469ms
 GET /histoires-fiscales/categorie/contr%C3%B4le 404 in 3462ms
 GET /histoires-fiscales/categorie/international 404 in 3465ms
 GET /histoires-fiscales/1 200 in 3383ms
 GET /histoires-fiscales/categorie/r%C3%A9glementation 404 in 3405ms
 GET /histoires-fiscales/categorie/immobilier 404 in 3420ms
 ○ Compiling /api/blog-posts/[slug] ...
 ✓ Compiled /api/blog-posts/[slug] in 853ms (2455 modules)
 ✓ Compiled (2457 modules)
 GET /api/fiscal-domains/fiscalite-immobiliere 200 in 2405ms
 GET /api/fiscal-domains/fiscalite-patrimoniale 200 in 2396ms
 GET /api/fiscal-domains/fiscalite-des-dirigeants 200 in 2391ms
 GET /api/fiscal-domains/fiscalite-des-particuliers 200 in 2388ms
 GET /api/fiscal-domains/fiscalite-des-entreprises 200 in 2384ms
 GET /api/fiscal-domains/fiscalite-internationale 200 in 2410ms
 GET /api/blog-posts/optimisation-fiscale-vs-evasion-fiscale-comprendre-la-difference 200 in 2503ms
 GET /api/blog-posts/loi-de-finances-2025-ce-qui-change-pour-les-entreprises 200 in 2497ms
 GET /api/blog-posts/jurisprudence-recente-impact-sur-la-fiscalite-des-holdings 200 in 2473ms
 GET /api/blog-posts/investissement-locatif-2025-nouvelles-niches-fiscales 200 in 2452ms
 GET /guides-fiscaux/domaines/fiscalite-des-particuliers 200 in 6098ms
 GET /guides-fiscaux/domaines/fiscalite-des-entreprises 200 in 6147ms
 GET /guides-fiscaux/domaines/fiscalite-immobiliere 200 in 6136ms
 GET /guides-fiscaux/domaines/fiscalite-patrimoniale 200 in 6145ms
 GET /guides-fiscaux/domaines/fiscalite-des-dirigeants 200 in 6143ms
 GET /guides-fiscaux/domaines/fiscalite-internationale 200 in 6163ms
 GET /blog/investissement-locatif-2025-nouvelles-niches-fiscales 200 in 6105ms
 GET /blog/loi-de-finances-2025-ce-qui-change-pour-les-entreprises 200 in 6123ms
 GET /blog/optimisation-fiscale-vs-evasion-fiscale-comprendre-la-difference 200 in 6148ms
 GET /blog/jurisprudence-recente-impact-sur-la-fiscalite-des-holdings 200 in 6110ms
 GET /a-propos 200 in 316ms
 GET /histoires-fiscales/categorie/contr%C3%B4le 404 in 326ms
 GET /histoires-fiscales/categorie/transmission 404 in 328ms
 GET /histoires-fiscales/categorie/optimisation 404 in 367ms
 GET /ressources-utiles/modeles 200 in 374ms
 GET /espace-avocat/abonnement 200 in 374ms
 GET /simulateurs 200 in 386ms
 GET /histoires-fiscales/1 200 in 385ms
 GET /histoires-fiscales/categorie/international 404 in 221ms
 GET /api/fiscal-domains/fiscalite-patrimoniale 200 in 295ms
 GET /api/blog-posts/investissement-locatif-2025-nouvelles-niches-fiscales 200 in 307ms
 GET / 200 in 317ms
 GET /espace-avocat/connexion 200 in 377ms
 GET /blog/investissement-locatif-2025-nouvelles-niches-fiscales 200 in 771ms
 GET /guides-fiscaux/domaines/fiscalite-patrimoniale 200 in 767ms
 GET /guides-fiscaux/ifi-2025-nouveautes-et-strategies-doptimisation 200 in 396ms
 GET /espace-avocat/devenir-partenaire 200 in 164ms
 GET /api/fiscal-domains/fiscalite-des-entreprises 200 in 164ms
 GET /api/blog-tags 200 in 191ms
 GET /api/blog-posts?limit=12 200 in 192ms
 GET /api/blog-posts?featured=true&limit=3 200 in 193ms
 GET /api/blog-posts/loi-de-finances-2025-ce-qui-change-pour-les-entreprises 200 in 234ms
 GET /api/blog-posts/optimisation-fiscale-vs-evasion-fiscale-comprendre-la-difference 200 in 235ms
 GET /api/resources/guide-de-calcul-ifi-2025/download 200 in 244ms
 GET /guides-fiscaux/domaines/fiscalite-des-entreprises 200 in 645ms
 GET /blog 200 in 659ms
 GET /blog/loi-de-finances-2025-ce-qui-change-pour-les-entreprises 200 in 671ms
 GET /espace-avocat/profil 200 in 289ms
 GET /blog/optimisation-fiscale-vs-evasion-fiscale-comprendre-la-difference 200 in 683ms
 GET /espace-avocat/rendez-vous 200 in 343ms
 GET /guides-fiscaux/dividendes-de-source-etrangere-tout-savoir-sur-limposition-en-france 200 in 417ms
 GET /guides-fiscaux/residence-fiscale-et-location-meublee-guide-pratique-2025 200 in 415ms
 GET /cvu-avocats 200 in 220ms
 GET /ressources-utiles/guides 200 in 187ms
 GET /politique-confidentialite 200 in 217ms
 GET /cgu 200 in 248ms
 GET /api/resources/modele-de-pacte-dutreil/download 200 in 274ms
 GET /prise-rendez-vous 200 in 310ms
 GET /guides-fiscaux/is-et-plus-values-optimisation-fiscale-pour-les-entreprises 200 in 343ms
 GET /api/resources/formulaire-de-declaration-lmnp/download 200 in 221ms
 GET /histoires-fiscales 200 in 295ms
 GET /ressources-utiles/documents 200 in 299ms
 GET /histoires-fiscales/categorie/r%C3%A9glementation 404 in 317ms
 GET /api/fiscal-domains/fiscalite-internationale 200 in 214ms
 GET /guides-fiscaux/domaines/fiscalite-internationale 200 in 522ms
 GET /mentions-legales 200 in 244ms
 GET /espace-avocat/messagerie 200 in 317ms
 GET /trouver-un-avocat-fiscaliste 200 in 319ms
 GET /api/resources?limit=20 200 in 302ms
 GET /api/fiscal-domains 200 in 314ms
 GET /espace-avocat 200 in 370ms
 GET /ressources-utiles 200 in 654ms
 GET /guides-fiscaux/pacte-dutreil-optimiser-la-transmission-dentreprise 200 in 450ms
 GET /guides-fiscaux/calcul-des-revenus-fonciers-methodes-et-deductions 200 in 466ms
 GET /api/blog-posts/jurisprudence-recente-impact-sur-la-fiscalite-des-holdings 200 in 286ms
 GET /api/fiscal-domains/fiscalite-des-dirigeants 200 in 328ms
 GET /blog/jurisprudence-recente-impact-sur-la-fiscalite-des-holdings 200 in 690ms
 GET /guides-fiscaux/domaines/fiscalite-des-dirigeants 200 in 721ms
 GET /contact 200 in 384ms
 GET /api/resources/checklist-residence-fiscale/download 200 in 380ms
 GET /api/fiscal-domains/fiscalite-immobiliere 200 in 200ms
 GET /api/fiscal-domains/fiscalite-immobiliere 200 in 200ms
 GET /guides-fiscaux/domaines/fiscalite-immobiliere 200 in 613ms
 GET /api/fiscal-domains 200 in 247ms
 GET /histoires-fiscales/categorie/immobilier 404 in 214ms
 GET /api/fiscal-domains/fiscalite-des-particuliers 200 in 38ms
 GET /guides-fiscaux/domaines/fiscalite-des-particuliers 200 in 264ms
 GET /api/articles?limit=6 200 in 351ms
 GET /guides-fiscaux 200 in 739ms
 ✓ Compiled in 1719ms (3238 modules)
[?25h
