  ▲ Next.js 14.2.28
  - Local:        http://localhost:3000
  - Environments: .env
  - Experiments (use with caution):
    · outputFileTracingRoot

 ✓ Starting...
 ✓ Ready in 1827ms
 ○ Compiling / ...
 ✓ Compiled / in 4s (1271 modules)
 GET / 200 in 4567ms
 ✓ Compiled in 581ms (633 modules)
 GET / 200 in 153ms
 ○ Compiling /api/articles ...
 ✓ Compiled /api/articles in 3.5s (1501 modules)
 GET /a-propos 200 in 4002ms
 GET /simulateurs 200 in 4029ms
 GET /cgu 200 in 3958ms
 GET /guides-fiscaux 200 in 4034ms
 GET /contact 200 in 3981ms
 GET /mentions-legales 200 in 3978ms
 GET /politique-confidentialite 200 in 3976ms
 GET /trouver-un-avocat-fiscaliste 200 in 4062ms
 GET /api/articles?limit=6 200 in 3712ms
 GET /api/lawyers?limit=6&premium=true 200 in 3775ms
 GET /api/articles?limit=6 200 in 270ms
 GET /api/lawyers?limit=6&premium=true 200 in 217ms
 ✓ Compiled /api/specializations in 336ms (782 modules)
 ✓ Compiled (786 modules)
 GET /api/articles?limit=50 200 in 831ms
 GET /api/cities 200 in 773ms
 GET /api/categories 200 in 872ms
 GET /api/specializations 200 in 798ms
 GET /api/lawyers?limit=50 200 in 803ms
 GET /api/articles?limit=50 200 in 120ms
 GET /api/cities 200 in 183ms
 GET /api/categories 200 in 185ms
 GET /api/lawyers?limit=50 200 in 181ms
 GET /api/specializations 200 in 184ms
 ○ Compiling /guides-fiscaux/[slug] ...
 ✓ Compiled /guides-fiscaux/[slug] in 802ms (1540 modules)
 GET /guides-fiscaux/pacte-dutreil-optimiser-la-transmission-dentreprise 200 in 1458ms
 GET /guides-fiscaux/calcul-des-revenus-fonciers-methodes-et-deductions 200 in 1479ms
 GET /guides-fiscaux/residence-fiscale-et-location-meublee-guide-pratique-2025 200 in 1457ms
 GET /guides-fiscaux/is-et-plus-values-optimisation-fiscale-pour-les-entreprises 200 in 1509ms
 GET /guides-fiscaux/ifi-2025-nouveautes-et-strategies-doptimisation 200 in 1461ms
 GET /guides-fiscaux/dividendes-de-source-etrangere-tout-savoir-sur-limposition-en-france 200 in 1456ms
 GET /cgu 200 in 393ms
 GET /simulateurs 200 in 419ms
 GET /trouver-un-avocat-fiscaliste 200 in 419ms
 GET /politique-confidentialite 200 in 425ms
 GET /contact 200 in 428ms
 GET /a-propos 200 in 429ms
 GET /mentions-legales 200 in 92ms
 GET /guides-fiscaux 200 in 128ms
 GET /guides-fiscaux/pacte-dutreil-optimiser-la-transmission-dentreprise 200 in 562ms
 GET /guides-fiscaux/residence-fiscale-et-location-meublee-guide-pratique-2025 200 in 562ms
 GET /guides-fiscaux/ifi-2025-nouveautes-et-strategies-doptimisation 200 in 562ms
 GET /guides-fiscaux/is-et-plus-values-optimisation-fiscale-pour-les-entreprises 200 in 563ms
 GET / 200 in 136ms
 GET /guides-fiscaux/dividendes-de-source-etrangere-tout-savoir-sur-limposition-en-france 200 in 195ms
 GET /guides-fiscaux/calcul-des-revenus-fonciers-methodes-et-deductions 200 in 199ms
 GET / 200 in 63ms
 GET /api/lawyers?limit=6&premium=true 200 in 133ms
 GET /api/articles?limit=6 200 in 156ms
 GET /api/articles?limit=6 200 in 139ms
 GET /api/lawyers?limit=6&premium=true 200 in 176ms
 ✓ Compiled in 555ms (1540 modules)
[?25h
