 ⨯ ./app/guides-fiscaux/page.tsx
Error: 
  [31mx[0m You are attempting to export "metadata" from a component marked with "use client", which is disallowed. Either remove the export, or the "use client" directive. Read more: https://nextjs.org/
  [31m|[0m docs/getting-started/react-essentials#the-use-client-directive
  [31m|[0m 
  [31m|[0m 
    ,-[[36;1;4m/home/ubuntu/lexanova-nextjs/app/app/guides-fiscaux/page.tsx[0m:6:1]
 [2m 6[0m | import { Badge } from '@/components/ui/badge';
 [2m 7[0m | import { Button } from '@/components/ui/button';
 [2m 8[0m | 
 [2m 9[0m | export const metadata: Metadata = {
    : [31;1m             ^^^^^^^^[0m
 [2m10[0m |   title: 'Guides Fiscaux | Lexanova - Expertise Fiscale Française',
 [2m11[0m |   description: 'Découvrez nos guides fiscaux complets organisés par domaines d\'expertise. Analyses, conseils pratiques et décryptages pour maîtriser la fiscalité française.',
 [2m12[0m |   keywords: 'guides fiscaux, conseils fiscaux, fiscalité française, optimisation fiscale, domaines fiscaux',
    `----

Import trace for requested module:
./app/guides-fiscaux/page.tsx
 ⨯ ./app/guides-fiscaux/page.tsx
Error: 
  [31mx[0m You are attempting to export "metadata" from a component marked with "use client", which is disallowed. Either remove the export, or the "use client" directive. Read more: https://nextjs.org/
  [31m|[0m docs/getting-started/react-essentials#the-use-client-directive
  [31m|[0m 
  [31m|[0m 
    ,-[[36;1;4m/home/ubuntu/lexanova-nextjs/app/app/guides-fiscaux/page.tsx[0m:6:1]
 [2m 6[0m | import { Badge } from '@/components/ui/badge';
 [2m 7[0m | import { Button } from '@/components/ui/button';
 [2m 8[0m | 
 [2m 9[0m | export const metadata: Metadata = {
    : [31;1m             ^^^^^^^^[0m
 [2m10[0m |   title: 'Guides Fiscaux | Lexanova - Expertise Fiscale Française',
 [2m11[0m |   description: 'Découvrez nos guides fiscaux complets organisés par domaines d\'expertise. Analyses, conseils pratiques et décryptages pour maîtriser la fiscalité française.',
 [2m12[0m |   keywords: 'guides fiscaux, conseils fiscaux, fiscalité française, optimisation fiscale, domaines fiscaux',
    `----

Import trace for requested module:
./app/guides-fiscaux/page.tsx
<w> [webpack.cache.PackFileCacheStrategy] Caching failed for pack: Error: ENOENT: no such file or directory, rename '/home/ubuntu/lexanova-nextjs/app/.next/cache/webpack/client-development-fallback/0.pack.gz_' -> '/home/ubuntu/lexanova-nextjs/app/.next/cache/webpack/client-development-fallback/0.pack.gz'
 ⨯ ./app/guides-fiscaux/page.tsx
Error: 
  [31mx[0m You are attempting to export "metadata" from a component marked with "use client", which is disallowed. Either remove the export, or the "use client" directive. Read more: https://nextjs.org/
  [31m|[0m docs/getting-started/react-essentials#the-use-client-directive
  [31m|[0m 
  [31m|[0m 
    ,-[[36;1;4m/home/ubuntu/lexanova-nextjs/app/app/guides-fiscaux/page.tsx[0m:6:1]
 [2m 6[0m | import { Badge } from '@/components/ui/badge';
 [2m 7[0m | import { Button } from '@/components/ui/button';
 [2m 8[0m | 
 [2m 9[0m | export const metadata: Metadata = {
    : [31;1m             ^^^^^^^^[0m
 [2m10[0m |   title: 'Guides Fiscaux | Lexanova - Expertise Fiscale Française',
 [2m11[0m |   description: 'Découvrez nos guides fiscaux complets organisés par domaines d\'expertise. Analyses, conseils pratiques et décryptages pour maîtriser la fiscalité française.',
 [2m12[0m |   keywords: 'guides fiscaux, conseils fiscaux, fiscalité française, optimisation fiscale, domaines fiscaux',
    `----

Import trace for requested module:
./app/guides-fiscaux/page.tsx
 ⨯ ./app/guides-fiscaux/page.tsx
Error: 
  [31mx[0m You are attempting to export "metadata" from a component marked with "use client", which is disallowed. Either remove the export, or the "use client" directive. Read more: https://nextjs.org/
  [31m|[0m docs/getting-started/react-essentials#the-use-client-directive
  [31m|[0m 
  [31m|[0m 
    ,-[[36;1;4m/home/ubuntu/lexanova-nextjs/app/app/guides-fiscaux/page.tsx[0m:6:1]
 [2m 6[0m | import { Badge } from '@/components/ui/badge';
 [2m 7[0m | import { Button } from '@/components/ui/button';
 [2m 8[0m | 
 [2m 9[0m | export const metadata: Metadata = {
    : [31;1m             ^^^^^^^^[0m
 [2m10[0m |   title: 'Guides Fiscaux | Lexanova - Expertise Fiscale Française',
 [2m11[0m |   description: 'Découvrez nos guides fiscaux complets organisés par domaines d\'expertise. Analyses, conseils pratiques et décryptages pour maîtriser la fiscalité française.',
 [2m12[0m |   keywords: 'guides fiscaux, conseils fiscaux, fiscalité française, optimisation fiscale, domaines fiscaux',
    `----

Import trace for requested module:
./app/guides-fiscaux/page.tsx
 ⨯ ./app/guides-fiscaux/page.tsx
Error: 
  [31mx[0m You are attempting to export "metadata" from a component marked with "use client", which is disallowed. Either remove the export, or the "use client" directive. Read more: https://nextjs.org/
  [31m|[0m docs/getting-started/react-essentials#the-use-client-directive
  [31m|[0m 
  [31m|[0m 
    ,-[[36;1;4m/home/ubuntu/lexanova-nextjs/app/app/guides-fiscaux/page.tsx[0m:6:1]
 [2m 6[0m | import { Badge } from '@/components/ui/badge';
 [2m 7[0m | import { Button } from '@/components/ui/button';
 [2m 8[0m | 
 [2m 9[0m | export const metadata: Metadata = {
    : [31;1m             ^^^^^^^^[0m
 [2m10[0m |   title: 'Guides Fiscaux | Lexanova - Expertise Fiscale Française',
 [2m11[0m |   description: 'Découvrez nos guides fiscaux complets organisés par domaines d\'expertise. Analyses, conseils pratiques et décryptages pour maîtriser la fiscalité française.',
 [2m12[0m |   keywords: 'guides fiscaux, conseils fiscaux, fiscalité française, optimisation fiscale, domaines fiscaux',
    `----

Import trace for requested module:
./app/guides-fiscaux/page.tsx
 ⨯ ./app/guides-fiscaux/page.tsx
Error: 
  [31mx[0m You are attempting to export "metadata" from a component marked with "use client", which is disallowed. Either remove the export, or the "use client" directive. Read more: https://nextjs.org/
  [31m|[0m docs/getting-started/react-essentials#the-use-client-directive
  [31m|[0m 
  [31m|[0m 
    ,-[[36;1;4m/home/ubuntu/lexanova-nextjs/app/app/guides-fiscaux/page.tsx[0m:6:1]
 [2m 6[0m | import { Badge } from '@/components/ui/badge';
 [2m 7[0m | import { Button } from '@/components/ui/button';
 [2m 8[0m | 
 [2m 9[0m | export const metadata: Metadata = {
    : [31;1m             ^^^^^^^^[0m
 [2m10[0m |   title: 'Guides Fiscaux | Lexanova - Expertise Fiscale Française',
 [2m11[0m |   description: 'Découvrez nos guides fiscaux complets organisés par domaines d\'expertise. Analyses, conseils pratiques et décryptages pour maîtriser la fiscalité française.',
 [2m12[0m |   keywords: 'guides fiscaux, conseils fiscaux, fiscalité française, optimisation fiscale, domaines fiscaux',
    `----

Import trace for requested module:
./app/guides-fiscaux/page.tsx
 ⨯ ./app/guides-fiscaux/page.tsx
Error: 
  [31mx[0m You are attempting to export "metadata" from a component marked with "use client", which is disallowed. Either remove the export, or the "use client" directive. Read more: https://nextjs.org/
  [31m|[0m docs/getting-started/react-essentials#the-use-client-directive
  [31m|[0m 
  [31m|[0m 
    ,-[[36;1;4m/home/ubuntu/lexanova-nextjs/app/app/guides-fiscaux/page.tsx[0m:6:1]
 [2m 6[0m | import { Badge } from '@/components/ui/badge';
 [2m 7[0m | import { Button } from '@/components/ui/button';
 [2m 8[0m | 
 [2m 9[0m | export const metadata: Metadata = {
    : [31;1m             ^^^^^^^^[0m
 [2m10[0m |   title: 'Guides Fiscaux | Lexanova - Expertise Fiscale Française',
 [2m11[0m |   description: 'Découvrez nos guides fiscaux complets organisés par domaines d\'expertise. Analyses, conseils pratiques et décryptages pour maîtriser la fiscalité française.',
 [2m12[0m |   keywords: 'guides fiscaux, conseils fiscaux, fiscalité française, optimisation fiscale, domaines fiscaux',
    `----

Import trace for requested module:
./app/guides-fiscaux/page.tsx
 ⨯ ./app/guides-fiscaux/page.tsx
Error: 
  [31mx[0m You are attempting to export "metadata" from a component marked with "use client", which is disallowed. Either remove the export, or the "use client" directive. Read more: https://nextjs.org/
  [31m|[0m docs/getting-started/react-essentials#the-use-client-directive
  [31m|[0m 
  [31m|[0m 
    ,-[[36;1;4m/home/ubuntu/lexanova-nextjs/app/app/guides-fiscaux/page.tsx[0m:6:1]
 [2m 6[0m | import { Badge } from '@/components/ui/badge';
 [2m 7[0m | import { Button } from '@/components/ui/button';
 [2m 8[0m | 
 [2m 9[0m | export const metadata: Metadata = {
    : [31;1m             ^^^^^^^^[0m
 [2m10[0m |   title: 'Guides Fiscaux | Lexanova - Expertise Fiscale Française',
 [2m11[0m |   description: 'Découvrez nos guides fiscaux complets organisés par domaines d\'expertise. Analyses, conseils pratiques et décryptages pour maîtriser la fiscalité française.',
 [2m12[0m |   keywords: 'guides fiscaux, conseils fiscaux, fiscalité française, optimisation fiscale, domaines fiscaux',
    `----

Import trace for requested module:
./app/guides-fiscaux/page.tsx
 ⨯ ./app/guides-fiscaux/page.tsx
Error: 
  [31mx[0m You are attempting to export "metadata" from a component marked with "use client", which is disallowed. Either remove the export, or the "use client" directive. Read more: https://nextjs.org/
  [31m|[0m docs/getting-started/react-essentials#the-use-client-directive
  [31m|[0m 
  [31m|[0m 
    ,-[[36;1;4m/home/ubuntu/lexanova-nextjs/app/app/guides-fiscaux/page.tsx[0m:6:1]
 [2m 6[0m | import { Badge } from '@/components/ui/badge';
 [2m 7[0m | import { Button } from '@/components/ui/button';
 [2m 8[0m | 
 [2m 9[0m | export const metadata: Metadata = {
    : [31;1m             ^^^^^^^^[0m
 [2m10[0m |   title: 'Guides Fiscaux | Lexanova - Expertise Fiscale Française',
 [2m11[0m |   description: 'Découvrez nos guides fiscaux complets organisés par domaines d\'expertise. Analyses, conseils pratiques et décryptages pour maîtriser la fiscalité française.',
 [2m12[0m |   keywords: 'guides fiscaux, conseils fiscaux, fiscalité française, optimisation fiscale, domaines fiscaux',
    `----

Import trace for requested module:
./app/guides-fiscaux/page.tsx
 ⨯ ./app/guides-fiscaux/page.tsx
Error: 
  [31mx[0m You are attempting to export "metadata" from a component marked with "use client", which is disallowed. Either remove the export, or the "use client" directive. Read more: https://nextjs.org/
  [31m|[0m docs/getting-started/react-essentials#the-use-client-directive
  [31m|[0m 
  [31m|[0m 
    ,-[[36;1;4m/home/ubuntu/lexanova-nextjs/app/app/guides-fiscaux/page.tsx[0m:6:1]
 [2m 6[0m | import { Badge } from '@/components/ui/badge';
 [2m 7[0m | import { Button } from '@/components/ui/button';
 [2m 8[0m | 
 [2m 9[0m | export const metadata: Metadata = {
    : [31;1m             ^^^^^^^^[0m
 [2m10[0m |   title: 'Guides Fiscaux | Lexanova - Expertise Fiscale Française',
 [2m11[0m |   description: 'Découvrez nos guides fiscaux complets organisés par domaines d\'expertise. Analyses, conseils pratiques et décryptages pour maîtriser la fiscalité française.',
 [2m12[0m |   keywords: 'guides fiscaux, conseils fiscaux, fiscalité française, optimisation fiscale, domaines fiscaux',
    `----

Import trace for requested module:
./app/guides-fiscaux/page.tsx
 ⨯ ./app/guides-fiscaux/page.tsx
Error: 
  [31mx[0m You are attempting to export "metadata" from a component marked with "use client", which is disallowed. Either remove the export, or the "use client" directive. Read more: https://nextjs.org/
  [31m|[0m docs/getting-started/react-essentials#the-use-client-directive
  [31m|[0m 
  [31m|[0m 
    ,-[[36;1;4m/home/ubuntu/lexanova-nextjs/app/app/guides-fiscaux/page.tsx[0m:6:1]
 [2m 6[0m | import { Badge } from '@/components/ui/badge';
 [2m 7[0m | import { Button } from '@/components/ui/button';
 [2m 8[0m | 
 [2m 9[0m | export const metadata: Metadata = {
    : [31;1m             ^^^^^^^^[0m
 [2m10[0m |   title: 'Guides Fiscaux | Lexanova - Expertise Fiscale Française',
 [2m11[0m |   description: 'Découvrez nos guides fiscaux complets organisés par domaines d\'expertise. Analyses, conseils pratiques et décryptages pour maîtriser la fiscalité française.',
 [2m12[0m |   keywords: 'guides fiscaux, conseils fiscaux, fiscalité française, optimisation fiscale, domaines fiscaux',
    `----

Import trace for requested module:
./app/guides-fiscaux/page.tsx
 ⨯ ./app/guides-fiscaux/page.tsx
Error: 
  [31mx[0m You are attempting to export "metadata" from a component marked with "use client", which is disallowed. Either remove the export, or the "use client" directive. Read more: https://nextjs.org/
  [31m|[0m docs/getting-started/react-essentials#the-use-client-directive
  [31m|[0m 
  [31m|[0m 
    ,-[[36;1;4m/home/ubuntu/lexanova-nextjs/app/app/guides-fiscaux/page.tsx[0m:6:1]
 [2m 6[0m | import { Badge } from '@/components/ui/badge';
 [2m 7[0m | import { Button } from '@/components/ui/button';
 [2m 8[0m | 
 [2m 9[0m | export const metadata: Metadata = {
    : [31;1m             ^^^^^^^^[0m
 [2m10[0m |   title: 'Guides Fiscaux | Lexanova - Expertise Fiscale Française',
 [2m11[0m |   description: 'Découvrez nos guides fiscaux complets organisés par domaines d\'expertise. Analyses, conseils pratiques et décryptages pour maîtriser la fiscalité française.',
 [2m12[0m |   keywords: 'guides fiscaux, conseils fiscaux, fiscalité française, optimisation fiscale, domaines fiscaux',
    `----

Import trace for requested module:
./app/guides-fiscaux/page.tsx
 ⨯ ./app/guides-fiscaux/page.tsx
Error: 
  [31mx[0m You are attempting to export "metadata" from a component marked with "use client", which is disallowed. Either remove the export, or the "use client" directive. Read more: https://nextjs.org/
  [31m|[0m docs/getting-started/react-essentials#the-use-client-directive
  [31m|[0m 
  [31m|[0m 
    ,-[[36;1;4m/home/ubuntu/lexanova-nextjs/app/app/guides-fiscaux/page.tsx[0m:6:1]
 [2m 6[0m | import { Badge } from '@/components/ui/badge';
 [2m 7[0m | import { Button } from '@/components/ui/button';
 [2m 8[0m | 
 [2m 9[0m | export const metadata: Metadata = {
    : [31;1m             ^^^^^^^^[0m
 [2m10[0m |   title: 'Guides Fiscaux | Lexanova - Expertise Fiscale Française',
 [2m11[0m |   description: 'Découvrez nos guides fiscaux complets organisés par domaines d\'expertise. Analyses, conseils pratiques et décryptages pour maîtriser la fiscalité française.',
 [2m12[0m |   keywords: 'guides fiscaux, conseils fiscaux, fiscalité française, optimisation fiscale, domaines fiscaux',
    `----

Import trace for requested module:
./app/guides-fiscaux/page.tsx
 ⨯ ./app/guides-fiscaux/page.tsx
Error: 
  [31mx[0m You are attempting to export "metadata" from a component marked with "use client", which is disallowed. Either remove the export, or the "use client" directive. Read more: https://nextjs.org/
  [31m|[0m docs/getting-started/react-essentials#the-use-client-directive
  [31m|[0m 
  [31m|[0m 
    ,-[[36;1;4m/home/ubuntu/lexanova-nextjs/app/app/guides-fiscaux/page.tsx[0m:6:1]
 [2m 6[0m | import { Badge } from '@/components/ui/badge';
 [2m 7[0m | import { Button } from '@/components/ui/button';
 [2m 8[0m | 
 [2m 9[0m | export const metadata: Metadata = {
    : [31;1m             ^^^^^^^^[0m
 [2m10[0m |   title: 'Guides Fiscaux | Lexanova - Expertise Fiscale Française',
 [2m11[0m |   description: 'Découvrez nos guides fiscaux complets organisés par domaines d\'expertise. Analyses, conseils pratiques et décryptages pour maîtriser la fiscalité française.',
 [2m12[0m |   keywords: 'guides fiscaux, conseils fiscaux, fiscalité française, optimisation fiscale, domaines fiscaux',
    `----

Import trace for requested module:
./app/guides-fiscaux/page.tsx
 ⨯ ./app/guides-fiscaux/page.tsx
Error: 
  [31mx[0m You are attempting to export "metadata" from a component marked with "use client", which is disallowed. Either remove the export, or the "use client" directive. Read more: https://nextjs.org/
  [31m|[0m docs/getting-started/react-essentials#the-use-client-directive
  [31m|[0m 
  [31m|[0m 
    ,-[[36;1;4m/home/ubuntu/lexanova-nextjs/app/app/guides-fiscaux/page.tsx[0m:6:1]
 [2m 6[0m | import { Badge } from '@/components/ui/badge';
 [2m 7[0m | import { Button } from '@/components/ui/button';
 [2m 8[0m | 
 [2m 9[0m | export const metadata: Metadata = {
    : [31;1m             ^^^^^^^^[0m
 [2m10[0m |   title: 'Guides Fiscaux | Lexanova - Expertise Fiscale Française',
 [2m11[0m |   description: 'Découvrez nos guides fiscaux complets organisés par domaines d\'expertise. Analyses, conseils pratiques et décryptages pour maîtriser la fiscalité française.',
 [2m12[0m |   keywords: 'guides fiscaux, conseils fiscaux, fiscalité française, optimisation fiscale, domaines fiscaux',
    `----

Import trace for requested module:
./app/guides-fiscaux/page.tsx
 ⨯ ./app/guides-fiscaux/page.tsx
Error: 
  [31mx[0m You are attempting to export "metadata" from a component marked with "use client", which is disallowed. Either remove the export, or the "use client" directive. Read more: https://nextjs.org/
  [31m|[0m docs/getting-started/react-essentials#the-use-client-directive
  [31m|[0m 
  [31m|[0m 
    ,-[[36;1;4m/home/ubuntu/lexanova-nextjs/app/app/guides-fiscaux/page.tsx[0m:6:1]
 [2m 6[0m | import { Badge } from '@/components/ui/badge';
 [2m 7[0m | import { Button } from '@/components/ui/button';
 [2m 8[0m | 
 [2m 9[0m | export const metadata: Metadata = {
    : [31;1m             ^^^^^^^^[0m
 [2m10[0m |   title: 'Guides Fiscaux | Lexanova - Expertise Fiscale Française',
 [2m11[0m |   description: 'Découvrez nos guides fiscaux complets organisés par domaines d\'expertise. Analyses, conseils pratiques et décryptages pour maîtriser la fiscalité française.',
 [2m12[0m |   keywords: 'guides fiscaux, conseils fiscaux, fiscalité française, optimisation fiscale, domaines fiscaux',
    `----

Import trace for requested module:
./app/guides-fiscaux/page.tsx
